2015-08-03 14:23:23,281 [Thread-16](2890)[INFO] base.service_config.ServiceDescMgr - reload all service config
2015-08-03 14:24:20,961 [PoolMonitor Thread:NXFMS_DB_POOL](60570)[INFO] base.pool.imp.PoolMonitor - MonitorThread  (Thread[PoolMonitor Thread:NXFMS_DB_POOL,5,main]) NXFMS_DB_POOL monitor pool [NXFMS_DB_POOL]
2015-08-03 14:24:21,028 [PoolMonitor Thread:DB_Default_System_Pool](60637)[INFO] base.pool.imp.PoolMonitor - MonitorThread  (Thread[PoolMonitor Thread:DB_Default_System_Pool,5,main]) DB_Default_System_Pool monitor pool [DB_Default_System_Pool]
2015-08-03 14:24:21,056 [PoolMonitor Thread:DBAgentPool](60665)[INFO] base.pool.imp.PoolMonitor - MonitorThread  (Thread[PoolMonitor Thread:DBAgentPool,5,main]) DBAgentPool monitor pool [DBAgentPool]
2015-08-03 14:25:21,037 [PoolMonitor Thread:NXFMS_DB_POOL](120646)[INFO] base.pool.imp.PoolMonitor - MonitorThread  (Thread[PoolMonitor Thread:NXFMS_DB_POOL,5,main]) NXFMS_DB_POOL monitor pool [NXFMS_DB_POOL]
2015-08-03 14:25:21,037 [PoolMonitor Thread:DB_Default_System_Pool](120646)[INFO] base.pool.imp.PoolMonitor - MonitorThread  (Thread[PoolMonitor Thread:DB_Default_System_Pool,5,main]) DB_Default_System_Pool monitor pool [DB_Default_System_Pool]
2015-08-03 14:25:21,056 [PoolMonitor Thread:DBAgentPool](120665)[INFO] base.pool.imp.PoolMonitor - MonitorThread  (Thread[PoolMonitor Thread:DBAgentPool,5,main]) DBAgentPool monitor pool [DBAgentPool]
2015-08-03 14:25:23,407 [http-8080-exec-5](123016)[INFO] base.service_agent.ServiceAgent - pool [null] is not exsit,use default pool [System_Default_ServicePool]!
2015-08-03 14:25:23,790 [http-8080-exec-5](123399)[INFO] base.service_agent.ServiceAgent - pool [null] is not exsit,use default pool [System_Default_ServicePool]!
2015-08-03 14:25:24,068 [http-8080-exec-5](123677)[WARN] base.common_service.CommonControll - 调用服务[PortalServer]失败:人员不存在
2015-08-03 14:26:21,044 [PoolMonitor Thread:NXFMS_DB_POOL](180653)[INFO] base.pool.imp.PoolMonitor - MonitorThread  (Thread[PoolMonitor Thread:NXFMS_DB_POOL,5,main]) NXFMS_DB_POOL monitor pool [NXFMS_DB_POOL]
2015-08-03 14:26:21,044 [PoolMonitor Thread:DB_Default_System_Pool](180653)[INFO] base.pool.imp.PoolMonitor - MonitorThread  (Thread[PoolMonitor Thread:DB_Default_System_Pool,5,main]) DB_Default_System_Pool monitor pool [DB_Default_System_Pool]
2015-08-03 14:26:21,057 [PoolMonitor Thread:DBAgentPool](180666)[INFO] base.pool.imp.PoolMonitor - MonitorThread  (Thread[PoolMonitor Thread:DBAgentPool,5,main]) DBAgentPool monitor pool [DBAgentPool]
2015-08-03 14:27:21,049 [PoolMonitor Thread:DB_Default_System_Pool](240658)[INFO] base.pool.imp.PoolMonitor - MonitorThread  (Thread[PoolMonitor Thread:DB_Default_System_Pool,5,main]) DB_Default_System_Pool monitor pool [DB_Default_System_Pool]
2015-08-03 14:27:21,057 [PoolMonitor Thread:DBAgentPool](240666)[INFO] base.pool.imp.PoolMonitor - MonitorThread  (Thread[PoolMonitor Thread:DBAgentPool,5,main]) DBAgentPool monitor pool [DBAgentPool]
2015-08-03 14:27:21,063 [PoolMonitor Thread:NXFMS_DB_POOL](240672)[INFO] base.pool.imp.PoolMonitor - MonitorThread  (Thread[PoolMonitor Thread:NXFMS_DB_POOL,5,main]) NXFMS_DB_POOL monitor pool [NXFMS_DB_POOL]
2015-08-03 14:28:21,056 [PoolMonitor Thread:DB_Default_System_Pool](300665)[INFO] base.pool.imp.PoolMonitor - MonitorThread  (Thread[PoolMonitor Thread:DB_Default_System_Pool,5,main]) DB_Default_System_Pool monitor pool [DB_Default_System_Pool]
2015-08-03 14:28:21,058 [PoolMonitor Thread:DBAgentPool](300667)[INFO] base.pool.imp.PoolMonitor - MonitorThread  (Thread[PoolMonitor Thread:DBAgentPool,5,main]) DBAgentPool monitor pool [DBAgentPool]
2015-08-03 14:28:21,068 [PoolMonitor Thread:NXFMS_DB_POOL](300677)[INFO] base.pool.imp.PoolMonitor - MonitorThread  (Thread[PoolMonitor Thread:NXFMS_DB_POOL,5,main]) NXFMS_DB_POOL monitor pool [NXFMS_DB_POOL]
2015-08-03 14:29:21,058 [PoolMonitor Thread:DBAgentPool](360667)[INFO] base.pool.imp.PoolMonitor - MonitorThread  (Thread[PoolMonitor Thread:DBAgentPool,5,main]) DBAgentPool monitor pool [DBAgentPool]
2015-08-03 14:29:21,061 [PoolMonitor Thread:DB_Default_System_Pool](360670)[INFO] base.pool.imp.PoolMonitor - MonitorThread  (Thread[PoolMonitor Thread:DB_Default_System_Pool,5,main]) DB_Default_System_Pool monitor pool [DB_Default_System_Pool]
2015-08-03 14:29:21,072 [PoolMonitor Thread:NXFMS_DB_POOL](360681)[INFO] base.pool.imp.PoolMonitor - MonitorThread  (Thread[PoolMonitor Thread:NXFMS_DB_POOL,5,main]) NXFMS_DB_POOL monitor pool [NXFMS_DB_POOL]
2015-08-03 14:30:24,379 [Thread-16](3150)[INFO] base.service_config.ServiceDescMgr - reload all service config
2015-08-03 14:31:22,022 [PoolMonitor Thread:NXFMS_DB_POOL](60793)[INFO] base.pool.imp.PoolMonitor - MonitorThread  (Thread[PoolMonitor Thread:NXFMS_DB_POOL,5,main]) NXFMS_DB_POOL monitor pool [NXFMS_DB_POOL]
2015-08-03 14:31:22,090 [PoolMonitor Thread:DB_Default_System_Pool](60861)[INFO] base.pool.imp.PoolMonitor - MonitorThread  (Thread[PoolMonitor Thread:DB_Default_System_Pool,5,main]) DB_Default_System_Pool monitor pool [DB_Default_System_Pool]
2015-08-03 14:31:22,144 [PoolMonitor Thread:DBAgentPool](60915)[INFO] base.pool.imp.PoolMonitor - MonitorThread  (Thread[PoolMonitor Thread:DBAgentPool,5,main]) DBAgentPool monitor pool [DBAgentPool]
2015-08-03 14:32:16,025 [http-8080-exec-3](114796)[INFO] base.service_agent.ServiceAgent - pool [null] is not exsit,use default pool [System_Default_ServicePool]!
2015-08-03 14:32:16,189 [http-8080-exec-3](114960)[INFO] base.service_agent.ServiceAgent - pool [null] is not exsit,use default pool [System_Default_ServicePool]!
2015-08-03 14:32:16,247 [http-8080-exec-3](115018)[WARN] base.common_service.CommonControll - 调用服务[PortalServer]失败:人员不存在
2015-08-03 14:32:22,088 [PoolMonitor Thread:NXFMS_DB_POOL](120859)[INFO] base.pool.imp.PoolMonitor - MonitorThread  (Thread[PoolMonitor Thread:NXFMS_DB_POOL,5,main]) NXFMS_DB_POOL monitor pool [NXFMS_DB_POOL]
2015-08-03 14:32:22,095 [PoolMonitor Thread:DB_Default_System_Pool](120866)[INFO] base.pool.imp.PoolMonitor - MonitorThread  (Thread[PoolMonitor Thread:DB_Default_System_Pool,5,main]) DB_Default_System_Pool monitor pool [DB_Default_System_Pool]
2015-08-03 14:32:22,145 [PoolMonitor Thread:DBAgentPool](120916)[INFO] base.pool.imp.PoolMonitor - MonitorThread  (Thread[PoolMonitor Thread:DBAgentPool,5,main]) DBAgentPool monitor pool [DBAgentPool]
2015-08-03 14:33:22,093 [PoolMonitor Thread:NXFMS_DB_POOL](180864)[INFO] base.pool.imp.PoolMonitor - MonitorThread  (Thread[PoolMonitor Thread:NXFMS_DB_POOL,5,main]) NXFMS_DB_POOL monitor pool [NXFMS_DB_POOL]
2015-08-03 14:33:22,103 [PoolMonitor Thread:DB_Default_System_Pool](180874)[INFO] base.pool.imp.PoolMonitor - MonitorThread  (Thread[PoolMonitor Thread:DB_Default_System_Pool,5,main]) DB_Default_System_Pool monitor pool [DB_Default_System_Pool]
2015-08-03 14:33:22,145 [PoolMonitor Thread:DBAgentPool](180916)[INFO] base.pool.imp.PoolMonitor - MonitorThread  (Thread[PoolMonitor Thread:DBAgentPool,5,main]) DBAgentPool monitor pool [DBAgentPool]
2015-08-03 14:34:22,097 [PoolMonitor Thread:NXFMS_DB_POOL](240868)[INFO] base.pool.imp.PoolMonitor - MonitorThread  (Thread[PoolMonitor Thread:NXFMS_DB_POOL,5,main]) NXFMS_DB_POOL monitor pool [NXFMS_DB_POOL]
2015-08-03 14:34:22,107 [PoolMonitor Thread:DB_Default_System_Pool](240878)[INFO] base.pool.imp.PoolMonitor - MonitorThread  (Thread[PoolMonitor Thread:DB_Default_System_Pool,5,main]) DB_Default_System_Pool monitor pool [DB_Default_System_Pool]
2015-08-03 14:34:22,145 [PoolMonitor Thread:DBAgentPool](240916)[INFO] base.pool.imp.PoolMonitor - MonitorThread  (Thread[PoolMonitor Thread:DBAgentPool,5,main]) DBAgentPool monitor pool [DBAgentPool]
2015-08-03 14:35:22,112 [PoolMonitor Thread:NXFMS_DB_POOL](300883)[INFO] base.pool.imp.PoolMonitor - MonitorThread  (Thread[PoolMonitor Thread:NXFMS_DB_POOL,5,main]) NXFMS_DB_POOL monitor pool [NXFMS_DB_POOL]
2015-08-03 14:35:22,117 [PoolMonitor Thread:DB_Default_System_Pool](300888)[INFO] base.pool.imp.PoolMonitor - MonitorThread  (Thread[PoolMonitor Thread:DB_Default_System_Pool,5,main]) DB_Default_System_Pool monitor pool [DB_Default_System_Pool]
2015-08-03 14:35:22,146 [PoolMonitor Thread:DBAgentPool](300917)[INFO] base.pool.imp.PoolMonitor - MonitorThread  (Thread[PoolMonitor Thread:DBAgentPool,5,main]) DBAgentPool monitor pool [DBAgentPool]
2015-08-03 14:36:22,120 [PoolMonitor Thread:NXFMS_DB_POOL](360891)[INFO] base.pool.imp.PoolMonitor - MonitorThread  (Thread[PoolMonitor Thread:NXFMS_DB_POOL,5,main]) NXFMS_DB_POOL monitor pool [NXFMS_DB_POOL]
2015-08-03 14:36:22,122 [PoolMonitor Thread:DB_Default_System_Pool](360893)[INFO] base.pool.imp.PoolMonitor - MonitorThread  (Thread[PoolMonitor Thread:DB_Default_System_Pool,5,main]) DB_Default_System_Pool monitor pool [DB_Default_System_Pool]
2015-08-03 14:36:22,146 [PoolMonitor Thread:DBAgentPool](360917)[INFO] base.pool.imp.PoolMonitor - MonitorThread  (Thread[PoolMonitor Thread:DBAgentPool,5,main]) DBAgentPool monitor pool [DBAgentPool]
2015-08-03 14:37:22,128 [PoolMonitor Thread:NXFMS_DB_POOL](420899)[INFO] base.pool.imp.PoolMonitor - MonitorThread  (Thread[PoolMonitor Thread:NXFMS_DB_POOL,5,main]) NXFMS_DB_POOL monitor pool [NXFMS_DB_POOL]
2015-08-03 14:37:22,129 [PoolMonitor Thread:DB_Default_System_Pool](420900)[INFO] base.pool.imp.PoolMonitor - MonitorThread  (Thread[PoolMonitor Thread:DB_Default_System_Pool,5,main]) DB_Default_System_Pool monitor pool [DB_Default_System_Pool]
2015-08-03 14:37:22,147 [PoolMonitor Thread:DBAgentPool](420918)[INFO] base.pool.imp.PoolMonitor - MonitorThread  (Thread[PoolMonitor Thread:DBAgentPool,5,main]) DBAgentPool monitor pool [DBAgentPool]
2015-08-03 14:38:22,133 [PoolMonitor Thread:NXFMS_DB_POOL](480904)[INFO] base.pool.imp.PoolMonitor - MonitorThread  (Thread[PoolMonitor Thread:NXFMS_DB_POOL,5,main]) NXFMS_DB_POOL monitor pool [NXFMS_DB_POOL]
2015-08-03 14:38:22,134 [PoolMonitor Thread:DB_Default_System_Pool](480905)[INFO] base.pool.imp.PoolMonitor - MonitorThread  (Thread[PoolMonitor Thread:DB_Default_System_Pool,5,main]) DB_Default_System_Pool monitor pool [DB_Default_System_Pool]
2015-08-03 14:38:22,147 [PoolMonitor Thread:DBAgentPool](480918)[INFO] base.pool.imp.PoolMonitor - MonitorThread  (Thread[PoolMonitor Thread:DBAgentPool,5,main]) DBAgentPool monitor pool [DBAgentPool]
2015-08-03 14:39:22,144 [PoolMonitor Thread:NXFMS_DB_POOL](540915)[INFO] base.pool.imp.PoolMonitor - MonitorThread  (Thread[PoolMonitor Thread:NXFMS_DB_POOL,5,main]) NXFMS_DB_POOL monitor pool [NXFMS_DB_POOL]
2015-08-03 14:39:22,145 [PoolMonitor Thread:DB_Default_System_Pool](540916)[INFO] base.pool.imp.PoolMonitor - MonitorThread  (Thread[PoolMonitor Thread:DB_Default_System_Pool,5,main]) DB_Default_System_Pool monitor pool [DB_Default_System_Pool]
2015-08-03 14:39:22,148 [PoolMonitor Thread:DBAgentPool](540919)[INFO] base.pool.imp.PoolMonitor - MonitorThread  (Thread[PoolMonitor Thread:DBAgentPool,5,main]) DBAgentPool monitor pool [DBAgentPool]
2015-08-03 14:40:22,148 [PoolMonitor Thread:DBAgentPool](600919)[INFO] base.pool.imp.PoolMonitor - MonitorThread  (Thread[PoolMonitor Thread:DBAgentPool,5,main]) DBAgentPool monitor pool [DBAgentPool]
2015-08-03 14:40:22,150 [PoolMonitor Thread:NXFMS_DB_POOL](600921)[INFO] base.pool.imp.PoolMonitor - MonitorThread  (Thread[PoolMonitor Thread:NXFMS_DB_POOL,5,main]) NXFMS_DB_POOL monitor pool [NXFMS_DB_POOL]
2015-08-03 14:40:22,151 [PoolMonitor Thread:DB_Default_System_Pool](600922)[INFO] base.pool.imp.PoolMonitor - MonitorThread  (Thread[PoolMonitor Thread:DB_Default_System_Pool,5,main]) DB_Default_System_Pool monitor pool [DB_Default_System_Pool]
2015-08-03 14:41:22,148 [PoolMonitor Thread:DBAgentPool](660919)[INFO] base.pool.imp.PoolMonitor - MonitorThread  (Thread[PoolMonitor Thread:DBAgentPool,5,main]) DBAgentPool monitor pool [DBAgentPool]
2015-08-03 14:41:22,155 [PoolMonitor Thread:NXFMS_DB_POOL](660926)[INFO] base.pool.imp.PoolMonitor - MonitorThread  (Thread[PoolMonitor Thread:NXFMS_DB_POOL,5,main]) NXFMS_DB_POOL monitor pool [NXFMS_DB_POOL]
2015-08-03 14:41:22,157 [PoolMonitor Thread:DB_Default_System_Pool](660928)[INFO] base.pool.imp.PoolMonitor - MonitorThread  (Thread[PoolMonitor Thread:DB_Default_System_Pool,5,main]) DB_Default_System_Pool monitor pool [DB_Default_System_Pool]
2015-08-03 14:42:22,149 [PoolMonitor Thread:DBAgentPool](720920)[INFO] base.pool.imp.PoolMonitor - MonitorThread  (Thread[PoolMonitor Thread:DBAgentPool,5,main]) DBAgentPool monitor pool [DBAgentPool]
2015-08-03 14:42:22,162 [PoolMonitor Thread:NXFMS_DB_POOL](720933)[INFO] base.pool.imp.PoolMonitor - MonitorThread  (Thread[PoolMonitor Thread:NXFMS_DB_POOL,5,main]) NXFMS_DB_POOL monitor pool [NXFMS_DB_POOL]
2015-08-03 14:42:22,162 [PoolMonitor Thread:DB_Default_System_Pool](720933)[INFO] base.pool.imp.PoolMonitor - MonitorThread  (Thread[PoolMonitor Thread:DB_Default_System_Pool,5,main]) DB_Default_System_Pool monitor pool [DB_Default_System_Pool]
2015-08-03 14:43:22,149 [PoolMonitor Thread:DBAgentPool](780920)[INFO] base.pool.imp.PoolMonitor - MonitorThread  (Thread[PoolMonitor Thread:DBAgentPool,5,main]) DBAgentPool monitor pool [DBAgentPool]
2015-08-03 14:43:22,167 [PoolMonitor Thread:DB_Default_System_Pool](780938)[INFO] base.pool.imp.PoolMonitor - MonitorThread  (Thread[PoolMonitor Thread:DB_Default_System_Pool,5,main]) DB_Default_System_Pool monitor pool [DB_Default_System_Pool]
2015-08-03 14:43:22,168 [PoolMonitor Thread:NXFMS_DB_POOL](780939)[INFO] base.pool.imp.PoolMonitor - MonitorThread  (Thread[PoolMonitor Thread:NXFMS_DB_POOL,5,main]) NXFMS_DB_POOL monitor pool [NXFMS_DB_POOL]
2015-08-03 14:44:22,150 [PoolMonitor Thread:DBAgentPool](840921)[INFO] base.pool.imp.PoolMonitor - MonitorThread  (Thread[PoolMonitor Thread:DBAgentPool,5,main]) DBAgentPool monitor pool [DBAgentPool]
2015-08-03 14:44:22,173 [PoolMonitor Thread:DB_Default_System_Pool](840944)[INFO] base.pool.imp.PoolMonitor - MonitorThread  (Thread[PoolMonitor Thread:DB_Default_System_Pool,5,main]) DB_Default_System_Pool monitor pool [DB_Default_System_Pool]
2015-08-03 14:44:22,174 [PoolMonitor Thread:NXFMS_DB_POOL](840945)[INFO] base.pool.imp.PoolMonitor - MonitorThread  (Thread[PoolMonitor Thread:NXFMS_DB_POOL,5,main]) NXFMS_DB_POOL monitor pool [NXFMS_DB_POOL]
2015-08-03 14:45:22,150 [PoolMonitor Thread:DBAgentPool](900921)[INFO] base.pool.imp.PoolMonitor - MonitorThread  (Thread[PoolMonitor Thread:DBAgentPool,5,main]) DBAgentPool monitor pool [DBAgentPool]
2015-08-03 14:45:22,178 [PoolMonitor Thread:DB_Default_System_Pool](900949)[INFO] base.pool.imp.PoolMonitor - MonitorThread  (Thread[PoolMonitor Thread:DB_Default_System_Pool,5,main]) DB_Default_System_Pool monitor pool [DB_Default_System_Pool]
2015-08-03 14:45:22,178 [PoolMonitor Thread:NXFMS_DB_POOL](900949)[INFO] base.pool.imp.PoolMonitor - MonitorThread  (Thread[PoolMonitor Thread:NXFMS_DB_POOL,5,main]) NXFMS_DB_POOL monitor pool [NXFMS_DB_POOL]
2015-08-03 14:46:22,151 [PoolMonitor Thread:DBAgentPool](960922)[INFO] base.pool.imp.PoolMonitor - MonitorThread  (Thread[PoolMonitor Thread:DBAgentPool,5,main]) DBAgentPool monitor pool [DBAgentPool]
2015-08-03 14:46:22,183 [PoolMonitor Thread:NXFMS_DB_POOL](960954)[INFO] base.pool.imp.PoolMonitor - MonitorThread  (Thread[PoolMonitor Thread:NXFMS_DB_POOL,5,main]) NXFMS_DB_POOL monitor pool [NXFMS_DB_POOL]
2015-08-03 14:46:22,184 [PoolMonitor Thread:DB_Default_System_Pool](960955)[INFO] base.pool.imp.PoolMonitor - MonitorThread  (Thread[PoolMonitor Thread:DB_Default_System_Pool,5,main]) DB_Default_System_Pool monitor pool [DB_Default_System_Pool]
2015-08-03 14:47:22,151 [PoolMonitor Thread:DBAgentPool](1020922)[INFO] base.pool.imp.PoolMonitor - MonitorThread  (Thread[PoolMonitor Thread:DBAgentPool,5,main]) DBAgentPool monitor pool [DBAgentPool]
2015-08-03 14:47:22,188 [PoolMonitor Thread:NXFMS_DB_POOL](1020959)[INFO] base.pool.imp.PoolMonitor - MonitorThread  (Thread[PoolMonitor Thread:NXFMS_DB_POOL,5,main]) NXFMS_DB_POOL monitor pool [NXFMS_DB_POOL]
2015-08-03 14:47:22,188 [PoolMonitor Thread:DB_Default_System_Pool](1020959)[INFO] base.pool.imp.PoolMonitor - MonitorThread  (Thread[PoolMonitor Thread:DB_Default_System_Pool,5,main]) DB_Default_System_Pool monitor pool [DB_Default_System_Pool]
2015-08-03 14:48:22,151 [PoolMonitor Thread:DBAgentPool](1080922)[INFO] base.pool.imp.PoolMonitor - MonitorThread  (Thread[PoolMonitor Thread:DBAgentPool,5,main]) DBAgentPool monitor pool [DBAgentPool]
2015-08-03 14:48:22,193 [PoolMonitor Thread:DB_Default_System_Pool](1080964)[INFO] base.pool.imp.PoolMonitor - MonitorThread  (Thread[PoolMonitor Thread:DB_Default_System_Pool,5,main]) DB_Default_System_Pool monitor pool [DB_Default_System_Pool]
2015-08-03 14:48:22,194 [PoolMonitor Thread:NXFMS_DB_POOL](1080965)[INFO] base.pool.imp.PoolMonitor - MonitorThread  (Thread[PoolMonitor Thread:NXFMS_DB_POOL,5,main]) NXFMS_DB_POOL monitor pool [NXFMS_DB_POOL]
2015-08-03 14:49:22,152 [PoolMonitor Thread:DBAgentPool](1140923)[INFO] base.pool.imp.PoolMonitor - MonitorThread  (Thread[PoolMonitor Thread:DBAgentPool,5,main]) DBAgentPool monitor pool [DBAgentPool]
2015-08-03 14:49:22,199 [PoolMonitor Thread:DB_Default_System_Pool](1140970)[INFO] base.pool.imp.PoolMonitor - MonitorThread  (Thread[PoolMonitor Thread:DB_Default_System_Pool,5,main]) DB_Default_System_Pool monitor pool [DB_Default_System_Pool]
2015-08-03 14:49:22,200 [PoolMonitor Thread:NXFMS_DB_POOL](1140971)[INFO] base.pool.imp.PoolMonitor - MonitorThread  (Thread[PoolMonitor Thread:NXFMS_DB_POOL,5,main]) NXFMS_DB_POOL monitor pool [NXFMS_DB_POOL]
2015-08-03 14:50:22,152 [PoolMonitor Thread:DBAgentPool](1200923)[INFO] base.pool.imp.PoolMonitor - MonitorThread  (Thread[PoolMonitor Thread:DBAgentPool,5,main]) DBAgentPool monitor pool [DBAgentPool]
2015-08-03 14:50:22,204 [PoolMonitor Thread:NXFMS_DB_POOL](1200975)[INFO] base.pool.imp.PoolMonitor - MonitorThread  (Thread[PoolMonitor Thread:NXFMS_DB_POOL,5,main]) NXFMS_DB_POOL monitor pool [NXFMS_DB_POOL]
2015-08-03 14:50:22,205 [PoolMonitor Thread:DB_Default_System_Pool](1200976)[INFO] base.pool.imp.PoolMonitor - MonitorThread  (Thread[PoolMonitor Thread:DB_Default_System_Pool,5,main]) DB_Default_System_Pool monitor pool [DB_Default_System_Pool]
2015-08-03 14:51:22,153 [PoolMonitor Thread:DBAgentPool](1260924)[INFO] base.pool.imp.PoolMonitor - MonitorThread  (Thread[PoolMonitor Thread:DBAgentPool,5,main]) DBAgentPool monitor pool [DBAgentPool]
2015-08-03 14:51:22,211 [PoolMonitor Thread:DB_Default_System_Pool](1260982)[INFO] base.pool.imp.PoolMonitor - MonitorThread  (Thread[PoolMonitor Thread:DB_Default_System_Pool,5,main]) DB_Default_System_Pool monitor pool [DB_Default_System_Pool]
2015-08-03 14:51:22,211 [PoolMonitor Thread:NXFMS_DB_POOL](1260982)[INFO] base.pool.imp.PoolMonitor - MonitorThread  (Thread[PoolMonitor Thread:NXFMS_DB_POOL,5,main]) NXFMS_DB_POOL monitor pool [NXFMS_DB_POOL]
2015-08-03 14:52:22,153 [PoolMonitor Thread:DBAgentPool](1320924)[INFO] base.pool.imp.PoolMonitor - MonitorThread  (Thread[PoolMonitor Thread:DBAgentPool,5,main]) DBAgentPool monitor pool [DBAgentPool]
2015-08-03 14:52:22,216 [PoolMonitor Thread:DB_Default_System_Pool](1320987)[INFO] base.pool.imp.PoolMonitor - MonitorThread  (Thread[PoolMonitor Thread:DB_Default_System_Pool,5,main]) DB_Default_System_Pool monitor pool [DB_Default_System_Pool]
2015-08-03 14:52:22,217 [PoolMonitor Thread:NXFMS_DB_POOL](1320988)[INFO] base.pool.imp.PoolMonitor - MonitorThread  (Thread[PoolMonitor Thread:NXFMS_DB_POOL,5,main]) NXFMS_DB_POOL monitor pool [NXFMS_DB_POOL]
2015-08-03 14:53:22,154 [PoolMonitor Thread:DBAgentPool](1380925)[INFO] base.pool.imp.PoolMonitor - MonitorThread  (Thread[PoolMonitor Thread:DBAgentPool,5,main]) DBAgentPool monitor pool [DBAgentPool]
2015-08-03 14:53:22,222 [PoolMonitor Thread:DB_Default_System_Pool](1380993)[INFO] base.pool.imp.PoolMonitor - MonitorThread  (Thread[PoolMonitor Thread:DB_Default_System_Pool,5,main]) DB_Default_System_Pool monitor pool [DB_Default_System_Pool]
2015-08-03 14:53:22,224 [PoolMonitor Thread:NXFMS_DB_POOL](1380995)[INFO] base.pool.imp.PoolMonitor - MonitorThread  (Thread[PoolMonitor Thread:NXFMS_DB_POOL,5,main]) NXFMS_DB_POOL monitor pool [NXFMS_DB_POOL]
2015-08-03 14:54:22,154 [PoolMonitor Thread:DBAgentPool](1440925)[INFO] base.pool.imp.PoolMonitor - MonitorThread  (Thread[PoolMonitor Thread:DBAgentPool,5,main]) DBAgentPool monitor pool [DBAgentPool]
2015-08-03 14:54:22,228 [PoolMonitor Thread:DB_Default_System_Pool](1440999)[INFO] base.pool.imp.PoolMonitor - MonitorThread  (Thread[PoolMonitor Thread:DB_Default_System_Pool,5,main]) DB_Default_System_Pool monitor pool [DB_Default_System_Pool]
2015-08-03 14:54:22,231 [PoolMonitor Thread:NXFMS_DB_POOL](1441002)[INFO] base.pool.imp.PoolMonitor - MonitorThread  (Thread[PoolMonitor Thread:NXFMS_DB_POOL,5,main]) NXFMS_DB_POOL monitor pool [NXFMS_DB_POOL]
2015-08-03 14:55:22,154 [PoolMonitor Thread:DBAgentPool](1500925)[INFO] base.pool.imp.PoolMonitor - MonitorThread  (Thread[PoolMonitor Thread:DBAgentPool,5,main]) DBAgentPool monitor pool [DBAgentPool]
2015-08-03 14:55:22,233 [PoolMonitor Thread:DB_Default_System_Pool](1501004)[INFO] base.pool.imp.PoolMonitor - MonitorThread  (Thread[PoolMonitor Thread:DB_Default_System_Pool,5,main]) DB_Default_System_Pool monitor pool [DB_Default_System_Pool]
2015-08-03 14:55:22,236 [PoolMonitor Thread:NXFMS_DB_POOL](1501007)[INFO] base.pool.imp.PoolMonitor - MonitorThread  (Thread[PoolMonitor Thread:NXFMS_DB_POOL,5,main]) NXFMS_DB_POOL monitor pool [NXFMS_DB_POOL]
2015-08-03 14:56:22,155 [PoolMonitor Thread:DBAgentPool](1560926)[INFO] base.pool.imp.PoolMonitor - MonitorThread  (Thread[PoolMonitor Thread:DBAgentPool,5,main]) DBAgentPool monitor pool [DBAgentPool]
2015-08-03 14:56:22,239 [PoolMonitor Thread:DB_Default_System_Pool](1561010)[INFO] base.pool.imp.PoolMonitor - MonitorThread  (Thread[PoolMonitor Thread:DB_Default_System_Pool,5,main]) DB_Default_System_Pool monitor pool [DB_Default_System_Pool]
2015-08-03 14:56:22,241 [PoolMonitor Thread:NXFMS_DB_POOL](1561012)[INFO] base.pool.imp.PoolMonitor - MonitorThread  (Thread[PoolMonitor Thread:NXFMS_DB_POOL,5,main]) NXFMS_DB_POOL monitor pool [NXFMS_DB_POOL]
2015-08-03 14:57:22,158 [PoolMonitor Thread:DBAgentPool](1620929)[INFO] base.pool.imp.PoolMonitor - MonitorThread  (Thread[PoolMonitor Thread:DBAgentPool,5,main]) DBAgentPool monitor pool [DBAgentPool]
2015-08-03 14:57:22,245 [PoolMonitor Thread:DB_Default_System_Pool](1621016)[INFO] base.pool.imp.PoolMonitor - MonitorThread  (Thread[PoolMonitor Thread:DB_Default_System_Pool,5,main]) DB_Default_System_Pool monitor pool [DB_Default_System_Pool]
2015-08-03 14:57:22,249 [PoolMonitor Thread:NXFMS_DB_POOL](1621020)[INFO] base.pool.imp.PoolMonitor - MonitorThread  (Thread[PoolMonitor Thread:NXFMS_DB_POOL,5,main]) NXFMS_DB_POOL monitor pool [NXFMS_DB_POOL]
2015-08-03 14:58:22,159 [PoolMonitor Thread:DBAgentPool](1680930)[INFO] base.pool.imp.PoolMonitor - MonitorThread  (Thread[PoolMonitor Thread:DBAgentPool,5,main]) DBAgentPool monitor pool [DBAgentPool]
2015-08-03 14:58:22,251 [PoolMonitor Thread:DB_Default_System_Pool](1681022)[INFO] base.pool.imp.PoolMonitor - MonitorThread  (Thread[PoolMonitor Thread:DB_Default_System_Pool,5,main]) DB_Default_System_Pool monitor pool [DB_Default_System_Pool]
2015-08-03 14:58:22,255 [PoolMonitor Thread:NXFMS_DB_POOL](1681026)[INFO] base.pool.imp.PoolMonitor - MonitorThread  (Thread[PoolMonitor Thread:NXFMS_DB_POOL,5,main]) NXFMS_DB_POOL monitor pool [NXFMS_DB_POOL]
2015-08-03 14:59:22,159 [PoolMonitor Thread:DBAgentPool](1740930)[INFO] base.pool.imp.PoolMonitor - MonitorThread  (Thread[PoolMonitor Thread:DBAgentPool,5,main]) DBAgentPool monitor pool [DBAgentPool]
2015-08-03 14:59:22,255 [PoolMonitor Thread:DB_Default_System_Pool](1741026)[INFO] base.pool.imp.PoolMonitor - MonitorThread  (Thread[PoolMonitor Thread:DB_Default_System_Pool,5,main]) DB_Default_System_Pool monitor pool [DB_Default_System_Pool]
2015-08-03 14:59:22,259 [PoolMonitor Thread:NXFMS_DB_POOL](1741030)[INFO] base.pool.imp.PoolMonitor - MonitorThread  (Thread[PoolMonitor Thread:NXFMS_DB_POOL,5,main]) NXFMS_DB_POOL monitor pool [NXFMS_DB_POOL]
2015-08-03 15:00:22,160 [PoolMonitor Thread:DBAgentPool](1800931)[INFO] base.pool.imp.PoolMonitor - MonitorThread  (Thread[PoolMonitor Thread:DBAgentPool,5,main]) DBAgentPool monitor pool [DBAgentPool]
2015-08-03 15:00:22,261 [PoolMonitor Thread:DB_Default_System_Pool](1801032)[INFO] base.pool.imp.PoolMonitor - MonitorThread  (Thread[PoolMonitor Thread:DB_Default_System_Pool,5,main]) DB_Default_System_Pool monitor pool [DB_Default_System_Pool]
2015-08-03 15:00:22,266 [PoolMonitor Thread:NXFMS_DB_POOL](1801037)[INFO] base.pool.imp.PoolMonitor - MonitorThread  (Thread[PoolMonitor Thread:NXFMS_DB_POOL,5,main]) NXFMS_DB_POOL monitor pool [NXFMS_DB_POOL]
2015-08-03 15:01:22,160 [PoolMonitor Thread:DBAgentPool](1860931)[INFO] base.pool.imp.PoolMonitor - MonitorThread  (Thread[PoolMonitor Thread:DBAgentPool,5,main]) DBAgentPool monitor pool [DBAgentPool]
2015-08-03 15:01:22,266 [PoolMonitor Thread:DB_Default_System_Pool](1861037)[INFO] base.pool.imp.PoolMonitor - MonitorThread  (Thread[PoolMonitor Thread:DB_Default_System_Pool,5,main]) DB_Default_System_Pool monitor pool [DB_Default_System_Pool]
2015-08-03 15:01:22,271 [PoolMonitor Thread:NXFMS_DB_POOL](1861042)[INFO] base.pool.imp.PoolMonitor - MonitorThread  (Thread[PoolMonitor Thread:NXFMS_DB_POOL,5,main]) NXFMS_DB_POOL monitor pool [NXFMS_DB_POOL]
2015-08-03 15:01:53,964 [http-8080-exec-7](1892735)[INFO] base.service_agent.ServiceAgent - pool [null] is not exsit,use default pool [System_Default_ServicePool]!
2015-08-03 15:01:53,983 [http-8080-exec-7](1892754)[INFO] base.service_agent.ServiceAgent - pool [null] is not exsit,use default pool [System_Default_ServicePool]!
2015-08-03 15:01:54,004 [http-8080-exec-7](1892775)[WARN] base.common_service.CommonControll - 调用服务[PortalServer]失败:人员不存在
2015-08-03 15:02:22,160 [PoolMonitor Thread:DBAgentPool](1920931)[INFO] base.pool.imp.PoolMonitor - MonitorThread  (Thread[PoolMonitor Thread:DBAgentPool,5,main]) DBAgentPool monitor pool [DBAgentPool]
2015-08-03 15:02:22,271 [PoolMonitor Thread:DB_Default_System_Pool](1921042)[INFO] base.pool.imp.PoolMonitor - MonitorThread  (Thread[PoolMonitor Thread:DB_Default_System_Pool,5,main]) DB_Default_System_Pool monitor pool [DB_Default_System_Pool]
2015-08-03 15:02:22,276 [PoolMonitor Thread:NXFMS_DB_POOL](1921047)[INFO] base.pool.imp.PoolMonitor - MonitorThread  (Thread[PoolMonitor Thread:NXFMS_DB_POOL,5,main]) NXFMS_DB_POOL monitor pool [NXFMS_DB_POOL]
2015-08-03 15:02:58,780 [http-8080-exec-3](1957551)[INFO] base.service_agent.ServiceAgent - pool [null] is not exsit,use default pool [System_Default_ServicePool]!
2015-08-03 15:02:58,791 [http-8080-exec-3](1957562)[INFO] base.service_agent.ServiceAgent - pool [null] is not exsit,use default pool [System_Default_ServicePool]!
2015-08-03 15:02:58,809 [http-8080-exec-3](1957580)[WARN] base.common_service.CommonControll - 调用服务[PortalServer]失败:人员不存在
2015-08-03 15:03:22,161 [PoolMonitor Thread:DBAgentPool](1980932)[INFO] base.pool.imp.PoolMonitor - MonitorThread  (Thread[PoolMonitor Thread:DBAgentPool,5,main]) DBAgentPool monitor pool [DBAgentPool]
2015-08-03 15:03:22,276 [PoolMonitor Thread:DB_Default_System_Pool](1981047)[INFO] base.pool.imp.PoolMonitor - MonitorThread  (Thread[PoolMonitor Thread:DB_Default_System_Pool,5,main]) DB_Default_System_Pool monitor pool [DB_Default_System_Pool]
2015-08-03 15:03:22,281 [PoolMonitor Thread:NXFMS_DB_POOL](1981052)[INFO] base.pool.imp.PoolMonitor - MonitorThread  (Thread[PoolMonitor Thread:NXFMS_DB_POOL,5,main]) NXFMS_DB_POOL monitor pool [NXFMS_DB_POOL]
2015-08-03 15:04:14,324 [TaskBackRun Thread 1](2033095)[WARN] base.service_agent.WriteBusinessLog - 后台任务子线程(Thread[TaskBackRun Thread 1,5,main])结束
2015-08-03 15:04:14,324 [TaskBackRun Thread 2](2033095)[WARN] base.service_agent.WriteBusinessLog - 后台任务子线程(Thread[TaskBackRun Thread 2,5,main])结束
2015-08-03 15:04:14,324 [TaskBackRun Thread 3](2033095)[WARN] base.service_agent.WriteBusinessLog - 后台任务子线程(Thread[TaskBackRun Thread 3,5,main])结束
2015-08-03 15:04:16,637 [ContainerBackgroundProcessor[StandardEngine[Catalina]]](1960)[WARN] base.pool.imp.PoolMgr - read pool mgr named[ServicePoolMgr]'s pool_name value=[System_Default_ServicePool]
2015-08-03 15:04:16,637 [ContainerBackgroundProcessor[StandardEngine[Catalina]]](1960)[WARN] base.pool.imp.PoolMgr - read pool named[System_Default_ServicePool]'s imp_classname value=[base.pool.servicepool_imp.LocalPool]
2015-08-03 15:04:16,638 [ContainerBackgroundProcessor[StandardEngine[Catalina]]](1961)[WARN] base.pool.imp.PoolMgr - read pool mgr named[ServicePoolMgr]'s pool_name value=[DBAgentPool]
2015-08-03 15:04:16,638 [ContainerBackgroundProcessor[StandardEngine[Catalina]]](1961)[WARN] base.pool.imp.PoolMgr - read pool named[DBAgentPool]'s imp_classname value=[base.db.agent.DBAgentPool]
2015-08-03 15:04:16,639 [ContainerBackgroundProcessor[StandardEngine[Catalina]]](1962)[WARN] base.pool.imp.PoolMgr - read pool mgr named[ServicePoolMgr]'s pool_name value=[FZEAPAgentPool]
2015-08-03 15:04:16,639 [ContainerBackgroundProcessor[StandardEngine[Catalina]]](1962)[WARN] base.pool.imp.PoolMgr - read pool named[FZEAPAgentPool]'s imp_classname value=[base.pool.servicepool_imp.LocalPool]
2015-08-03 15:04:16,640 [ContainerBackgroundProcessor[StandardEngine[Catalina]]](1963)[WARN] base.pool.imp.Pool - start pool [System_Default_ServicePool] success and poolSize[1]
2015-08-03 15:04:16,640 [ContainerBackgroundProcessor[StandardEngine[Catalina]]](1963)[WARN] base.pool.imp.Pool - start pool [FZEAPAgentPool] success and poolSize[3]
2015-08-03 15:04:16,642 [ContainerBackgroundProcessor[StandardEngine[Catalina]]](1965)[WARN] base.pool.imp.Pool - start pool [DBAgentPool] success and poolSize[11]
2015-08-03 15:04:16,643 [ContainerBackgroundProcessor[StandardEngine[Catalina]]](1966)[INFO] base.pool.PoolMgrTable - add pool manager:ServicePoolMgr
2015-08-03 15:04:16,643 [Thread-30](1966)[INFO] base.pool.imp.PoolMonitor - MonitorThread  (Thread[Thread-30,5,main]) DBAgentPool start to run...
2015-08-03 15:04:16,644 [PoolMgr_readConfig_thread](1967)[WARN] base.pool.imp.PoolMgr - [ServicePoolMgr] config thread start to monitor [/D:/apache-tomcat-7.0.0/webapps/fms_out/WEB-INF/classes/service_pool.xml]...
2015-08-03 15:04:16,649 [TaskBackRun Thread 1](1972)[WARN] base.service_agent.WriteBusinessLog - 后台任务子线程(Thread[TaskBackRun Thread 1,5,main])启动...
2015-08-03 15:04:16,649 [TaskBackRun Thread 3](1972)[WARN] base.service_agent.WriteBusinessLog - 后台任务子线程(Thread[TaskBackRun Thread 3,5,main])启动...
2015-08-03 15:04:16,649 [TaskBackRun Thread 2](1972)[WARN] base.service_agent.WriteBusinessLog - 后台任务子线程(Thread[TaskBackRun Thread 2,5,main])启动...
2015-08-03 15:04:29,901 [Thread-50](2898)[INFO] base.service_config.ServiceDescMgr - reload all service config
2015-08-03 15:05:16,058 [PoolMonitor Thread:NXFMS_DB_POOL](61381)[INFO] base.pool.imp.PoolMonitor - MonitorThread  (Thread[PoolMonitor Thread:NXFMS_DB_POOL,5,main]) NXFMS_DB_POOL monitor pool [NXFMS_DB_POOL]
2015-08-03 15:05:16,121 [PoolMonitor Thread:DB_Default_System_Pool](61444)[INFO] base.pool.imp.PoolMonitor - MonitorThread  (Thread[PoolMonitor Thread:DB_Default_System_Pool,5,main]) DB_Default_System_Pool monitor pool [DB_Default_System_Pool]
2015-08-03 15:05:16,644 [PoolMonitor Thread:DBAgentPool](61967)[INFO] base.pool.imp.PoolMonitor - MonitorThread  (Thread[PoolMonitor Thread:DBAgentPool,5,main]) DBAgentPool monitor pool [DBAgentPool]
2015-08-03 15:05:27,608 [PoolMonitor Thread:NXFMS_DB_POOL](60605)[INFO] base.pool.imp.PoolMonitor - MonitorThread  (Thread[PoolMonitor Thread:NXFMS_DB_POOL,5,main]) NXFMS_DB_POOL monitor pool [NXFMS_DB_POOL]
2015-08-03 15:05:27,682 [PoolMonitor Thread:DB_Default_System_Pool](60679)[INFO] base.pool.imp.PoolMonitor - MonitorThread  (Thread[PoolMonitor Thread:DB_Default_System_Pool,5,main]) DB_Default_System_Pool monitor pool [DB_Default_System_Pool]
2015-08-03 15:05:27,703 [PoolMonitor Thread:DBAgentPool](60700)[INFO] base.pool.imp.PoolMonitor - MonitorThread  (Thread[PoolMonitor Thread:DBAgentPool,5,main]) DBAgentPool monitor pool [DBAgentPool]
2015-08-03 15:06:27,652 [PoolMonitor Thread:NXFMS_DB_POOL](120649)[INFO] base.pool.imp.PoolMonitor - MonitorThread  (Thread[PoolMonitor Thread:NXFMS_DB_POOL,5,main]) NXFMS_DB_POOL monitor pool [NXFMS_DB_POOL]
2015-08-03 15:06:27,687 [PoolMonitor Thread:DB_Default_System_Pool](120684)[INFO] base.pool.imp.PoolMonitor - MonitorThread  (Thread[PoolMonitor Thread:DB_Default_System_Pool,5,main]) DB_Default_System_Pool monitor pool [DB_Default_System_Pool]
2015-08-03 15:06:27,704 [PoolMonitor Thread:DBAgentPool](120701)[INFO] base.pool.imp.PoolMonitor - MonitorThread  (Thread[PoolMonitor Thread:DBAgentPool,5,main]) DBAgentPool monitor pool [DBAgentPool]
2015-08-03 15:07:27,657 [PoolMonitor Thread:NXFMS_DB_POOL](180654)[INFO] base.pool.imp.PoolMonitor - MonitorThread  (Thread[PoolMonitor Thread:NXFMS_DB_POOL,5,main]) NXFMS_DB_POOL monitor pool [NXFMS_DB_POOL]
2015-08-03 15:07:27,694 [PoolMonitor Thread:DB_Default_System_Pool](180691)[INFO] base.pool.imp.PoolMonitor - MonitorThread  (Thread[PoolMonitor Thread:DB_Default_System_Pool,5,main]) DB_Default_System_Pool monitor pool [DB_Default_System_Pool]
2015-08-03 15:07:27,704 [PoolMonitor Thread:DBAgentPool](180701)[INFO] base.pool.imp.PoolMonitor - MonitorThread  (Thread[PoolMonitor Thread:DBAgentPool,5,main]) DBAgentPool monitor pool [DBAgentPool]
2015-08-03 15:08:27,663 [PoolMonitor Thread:NXFMS_DB_POOL](240660)[INFO] base.pool.imp.PoolMonitor - MonitorThread  (Thread[PoolMonitor Thread:NXFMS_DB_POOL,5,main]) NXFMS_DB_POOL monitor pool [NXFMS_DB_POOL]
2015-08-03 15:08:27,699 [PoolMonitor Thread:DB_Default_System_Pool](240696)[INFO] base.pool.imp.PoolMonitor - MonitorThread  (Thread[PoolMonitor Thread:DB_Default_System_Pool,5,main]) DB_Default_System_Pool monitor pool [DB_Default_System_Pool]
2015-08-03 15:08:27,704 [PoolMonitor Thread:DBAgentPool](240701)[INFO] base.pool.imp.PoolMonitor - MonitorThread  (Thread[PoolMonitor Thread:DBAgentPool,5,main]) DBAgentPool monitor pool [DBAgentPool]
2015-08-03 15:09:27,669 [PoolMonitor Thread:NXFMS_DB_POOL](300666)[INFO] base.pool.imp.PoolMonitor - MonitorThread  (Thread[PoolMonitor Thread:NXFMS_DB_POOL,5,main]) NXFMS_DB_POOL monitor pool [NXFMS_DB_POOL]
2015-08-03 15:09:27,704 [PoolMonitor Thread:DB_Default_System_Pool](300701)[INFO] base.pool.imp.PoolMonitor - MonitorThread  (Thread[PoolMonitor Thread:DB_Default_System_Pool,5,main]) DB_Default_System_Pool monitor pool [DB_Default_System_Pool]
2015-08-03 15:09:27,705 [PoolMonitor Thread:DBAgentPool](300702)[INFO] base.pool.imp.PoolMonitor - MonitorThread  (Thread[PoolMonitor Thread:DBAgentPool,5,main]) DBAgentPool monitor pool [DBAgentPool]
2015-08-03 15:10:27,674 [PoolMonitor Thread:NXFMS_DB_POOL](360671)[INFO] base.pool.imp.PoolMonitor - MonitorThread  (Thread[PoolMonitor Thread:NXFMS_DB_POOL,5,main]) NXFMS_DB_POOL monitor pool [NXFMS_DB_POOL]
2015-08-03 15:10:27,705 [PoolMonitor Thread:DBAgentPool](360702)[INFO] base.pool.imp.PoolMonitor - MonitorThread  (Thread[PoolMonitor Thread:DBAgentPool,5,main]) DBAgentPool monitor pool [DBAgentPool]
2015-08-03 15:10:27,709 [PoolMonitor Thread:DB_Default_System_Pool](360706)[INFO] base.pool.imp.PoolMonitor - MonitorThread  (Thread[PoolMonitor Thread:DB_Default_System_Pool,5,main]) DB_Default_System_Pool monitor pool [DB_Default_System_Pool]
2015-08-03 15:11:27,680 [PoolMonitor Thread:NXFMS_DB_POOL](420677)[INFO] base.pool.imp.PoolMonitor - MonitorThread  (Thread[PoolMonitor Thread:NXFMS_DB_POOL,5,main]) NXFMS_DB_POOL monitor pool [NXFMS_DB_POOL]
2015-08-03 15:11:27,706 [PoolMonitor Thread:DBAgentPool](420703)[INFO] base.pool.imp.PoolMonitor - MonitorThread  (Thread[PoolMonitor Thread:DBAgentPool,5,main]) DBAgentPool monitor pool [DBAgentPool]
2015-08-03 15:11:27,714 [PoolMonitor Thread:DB_Default_System_Pool](420711)[INFO] base.pool.imp.PoolMonitor - MonitorThread  (Thread[PoolMonitor Thread:DB_Default_System_Pool,5,main]) DB_Default_System_Pool monitor pool [DB_Default_System_Pool]
2015-08-03 15:12:27,685 [PoolMonitor Thread:NXFMS_DB_POOL](480682)[INFO] base.pool.imp.PoolMonitor - MonitorThread  (Thread[PoolMonitor Thread:NXFMS_DB_POOL,5,main]) NXFMS_DB_POOL monitor pool [NXFMS_DB_POOL]
2015-08-03 15:12:27,706 [PoolMonitor Thread:DBAgentPool](480703)[INFO] base.pool.imp.PoolMonitor - MonitorThread  (Thread[PoolMonitor Thread:DBAgentPool,5,main]) DBAgentPool monitor pool [DBAgentPool]
2015-08-03 15:12:27,718 [PoolMonitor Thread:DB_Default_System_Pool](480715)[INFO] base.pool.imp.PoolMonitor - MonitorThread  (Thread[PoolMonitor Thread:DB_Default_System_Pool,5,main]) DB_Default_System_Pool monitor pool [DB_Default_System_Pool]
2015-08-03 15:12:28,284 [http-8080-exec-1](481281)[INFO] base.service_agent.ServiceAgent - pool [null] is not exsit,use default pool [System_Default_ServicePool]!
2015-08-03 15:12:28,712 [http-8080-exec-1](481709)[INFO] base.service_agent.ServiceAgent - pool [null] is not exsit,use default pool [System_Default_ServicePool]!
2015-08-03 15:12:28,781 [http-8080-exec-1](481778)[WARN] base.common_service.CommonControll - 调用服务[PortalServer]失败:人员不存在
2015-08-03 15:12:34,784 [http-8080-exec-1](487781)[INFO] base.service_agent.ServiceAgent - pool [null] is not exsit,use default pool [System_Default_ServicePool]!
2015-08-03 15:12:34,798 [http-8080-exec-1](487795)[INFO] base.service_agent.ServiceAgent - pool [null] is not exsit,use default pool [System_Default_ServicePool]!
2015-08-03 15:12:34,821 [http-8080-exec-1](487818)[WARN] base.common_service.CommonControll - 调用服务[PortalServer]失败:人员不存在
2015-08-03 15:13:26,011 [http-8080-exec-3](539008)[INFO] base.service_agent.ServiceAgent - pool [null] is not exsit,use default pool [System_Default_ServicePool]!
2015-08-03 15:13:26,019 [http-8080-exec-3](539016)[INFO] base.service_agent.ServiceAgent - pool [null] is not exsit,use default pool [System_Default_ServicePool]!
2015-08-03 15:13:26,040 [http-8080-exec-3](539037)[WARN] base.common_service.CommonControll - 调用服务[PortalServer]失败:人员不存在
2015-08-03 15:13:27,692 [PoolMonitor Thread:NXFMS_DB_POOL](540689)[INFO] base.pool.imp.PoolMonitor - MonitorThread  (Thread[PoolMonitor Thread:NXFMS_DB_POOL,5,main]) NXFMS_DB_POOL monitor pool [NXFMS_DB_POOL]
2015-08-03 15:13:27,707 [PoolMonitor Thread:DBAgentPool](540704)[INFO] base.pool.imp.PoolMonitor - MonitorThread  (Thread[PoolMonitor Thread:DBAgentPool,5,main]) DBAgentPool monitor pool [DBAgentPool]
2015-08-03 15:13:27,723 [PoolMonitor Thread:DB_Default_System_Pool](540720)[INFO] base.pool.imp.PoolMonitor - MonitorThread  (Thread[PoolMonitor Thread:DB_Default_System_Pool,5,main]) DB_Default_System_Pool monitor pool [DB_Default_System_Pool]
2015-08-03 15:14:13,381 [Thread-16](3450)[INFO] base.service_config.ServiceDescMgr - reload all service config
2015-08-03 15:14:26,175 [http-8080-exec-2](16244)[INFO] base.service_agent.ServiceAgent - pool [null] is not exsit,use default pool [System_Default_ServicePool]!
2015-08-03 15:14:26,721 [http-8080-exec-3](16790)[INFO] base.service_agent.ServiceAgent - pool [null] is not exsit,use default pool [System_Default_ServicePool]!
2015-08-03 15:14:26,785 [http-8080-exec-3](16854)[WARN] base.common_service.CommonControll - 调用服务[PortalServer]失败:人员不存在
2015-08-03 15:15:10,928 [PoolMonitor Thread:NXFMS_DB_POOL](60997)[INFO] base.pool.imp.PoolMonitor - MonitorThread  (Thread[PoolMonitor Thread:NXFMS_DB_POOL,5,main]) NXFMS_DB_POOL monitor pool [NXFMS_DB_POOL]
2015-08-03 15:15:11,000 [PoolMonitor Thread:DB_Default_System_Pool](61069)[INFO] base.pool.imp.PoolMonitor - MonitorThread  (Thread[PoolMonitor Thread:DB_Default_System_Pool,5,main]) DB_Default_System_Pool monitor pool [DB_Default_System_Pool]
2015-08-03 15:15:11,053 [PoolMonitor Thread:DBAgentPool](61122)[INFO] base.pool.imp.PoolMonitor - MonitorThread  (Thread[PoolMonitor Thread:DBAgentPool,5,main]) DBAgentPool monitor pool [DBAgentPool]
2015-08-03 15:16:10,945 [PoolMonitor Thread:NXFMS_DB_POOL](121014)[INFO] base.pool.imp.PoolMonitor - MonitorThread  (Thread[PoolMonitor Thread:NXFMS_DB_POOL,5,main]) NXFMS_DB_POOL monitor pool [NXFMS_DB_POOL]
2015-08-03 15:16:11,007 [PoolMonitor Thread:DB_Default_System_Pool](121076)[INFO] base.pool.imp.PoolMonitor - MonitorThread  (Thread[PoolMonitor Thread:DB_Default_System_Pool,5,main]) DB_Default_System_Pool monitor pool [DB_Default_System_Pool]
2015-08-03 15:16:11,054 [PoolMonitor Thread:DBAgentPool](121123)[INFO] base.pool.imp.PoolMonitor - MonitorThread  (Thread[PoolMonitor Thread:DBAgentPool,5,main]) DBAgentPool monitor pool [DBAgentPool]
2015-08-03 15:17:10,951 [PoolMonitor Thread:NXFMS_DB_POOL](181020)[INFO] base.pool.imp.PoolMonitor - MonitorThread  (Thread[PoolMonitor Thread:NXFMS_DB_POOL,5,main]) NXFMS_DB_POOL monitor pool [NXFMS_DB_POOL]
2015-08-03 15:17:11,011 [PoolMonitor Thread:DB_Default_System_Pool](181080)[INFO] base.pool.imp.PoolMonitor - MonitorThread  (Thread[PoolMonitor Thread:DB_Default_System_Pool,5,main]) DB_Default_System_Pool monitor pool [DB_Default_System_Pool]
2015-08-03 15:17:11,054 [PoolMonitor Thread:DBAgentPool](181123)[INFO] base.pool.imp.PoolMonitor - MonitorThread  (Thread[PoolMonitor Thread:DBAgentPool,5,main]) DBAgentPool monitor pool [DBAgentPool]
2015-08-03 15:18:10,958 [PoolMonitor Thread:NXFMS_DB_POOL](241027)[INFO] base.pool.imp.PoolMonitor - MonitorThread  (Thread[PoolMonitor Thread:NXFMS_DB_POOL,5,main]) NXFMS_DB_POOL monitor pool [NXFMS_DB_POOL]
2015-08-03 15:18:11,016 [PoolMonitor Thread:DB_Default_System_Pool](241085)[INFO] base.pool.imp.PoolMonitor - MonitorThread  (Thread[PoolMonitor Thread:DB_Default_System_Pool,5,main]) DB_Default_System_Pool monitor pool [DB_Default_System_Pool]
2015-08-03 15:18:11,055 [PoolMonitor Thread:DBAgentPool](241124)[INFO] base.pool.imp.PoolMonitor - MonitorThread  (Thread[PoolMonitor Thread:DBAgentPool,5,main]) DBAgentPool monitor pool [DBAgentPool]
2015-08-03 16:01:50,553 [Thread-16](3790)[INFO] base.service_config.ServiceDescMgr - reload all service config
2015-08-03 16:02:05,461 [http-8080-exec-9](18698)[INFO] base.service_agent.ServiceAgent - pool [null] is not exsit,use default pool [System_Default_ServicePool]!
2015-08-03 16:02:05,855 [http-8080-exec-9](19092)[INFO] base.service_agent.ServiceAgent - pool [null] is not exsit,use default pool [System_Default_ServicePool]!
2015-08-03 16:02:05,923 [http-8080-exec-9](19160)[WARN] base.common_service.CommonControll - 调用服务[PortalServer]失败:人员不存在
2015-08-03 16:02:47,653 [PoolMonitor Thread:NXFMS_DB_POOL](60890)[INFO] base.pool.imp.PoolMonitor - MonitorThread  (Thread[PoolMonitor Thread:NXFMS_DB_POOL,5,main]) NXFMS_DB_POOL monitor pool [NXFMS_DB_POOL]
2015-08-03 16:02:47,723 [PoolMonitor Thread:DB_Default_System_Pool](60960)[INFO] base.pool.imp.PoolMonitor - MonitorThread  (Thread[PoolMonitor Thread:DB_Default_System_Pool,5,main]) DB_Default_System_Pool monitor pool [DB_Default_System_Pool]
2015-08-03 16:02:47,779 [PoolMonitor Thread:DBAgentPool](61016)[INFO] base.pool.imp.PoolMonitor - MonitorThread  (Thread[PoolMonitor Thread:DBAgentPool,5,main]) DBAgentPool monitor pool [DBAgentPool]
2015-08-03 16:03:47,687 [PoolMonitor Thread:NXFMS_DB_POOL](120924)[INFO] base.pool.imp.PoolMonitor - MonitorThread  (Thread[PoolMonitor Thread:NXFMS_DB_POOL,5,main]) NXFMS_DB_POOL monitor pool [NXFMS_DB_POOL]
2015-08-03 16:03:47,727 [PoolMonitor Thread:DB_Default_System_Pool](120964)[INFO] base.pool.imp.PoolMonitor - MonitorThread  (Thread[PoolMonitor Thread:DB_Default_System_Pool,5,main]) DB_Default_System_Pool monitor pool [DB_Default_System_Pool]
2015-08-03 16:03:47,779 [PoolMonitor Thread:DBAgentPool](121016)[INFO] base.pool.imp.PoolMonitor - MonitorThread  (Thread[PoolMonitor Thread:DBAgentPool,5,main]) DBAgentPool monitor pool [DBAgentPool]
2015-08-03 16:04:02,632 [http-8080-exec-1](135869)[INFO] base.service_agent.ServiceAgent - pool [null] is not exsit,use default pool [System_Default_ServicePool]!
2015-08-03 16:04:02,656 [http-8080-exec-1](135893)[INFO] base.service_agent.ServiceAgent - pool [null] is not exsit,use default pool [System_Default_ServicePool]!
2015-08-03 16:04:02,678 [http-8080-exec-1](135915)[WARN] base.common_service.CommonControll - 调用服务[PortalServer]失败:人员不存在
2015-08-03 16:04:47,693 [PoolMonitor Thread:NXFMS_DB_POOL](180930)[INFO] base.pool.imp.PoolMonitor - MonitorThread  (Thread[PoolMonitor Thread:NXFMS_DB_POOL,5,main]) NXFMS_DB_POOL monitor pool [NXFMS_DB_POOL]
2015-08-03 16:04:47,733 [PoolMonitor Thread:DB_Default_System_Pool](180970)[INFO] base.pool.imp.PoolMonitor - MonitorThread  (Thread[PoolMonitor Thread:DB_Default_System_Pool,5,main]) DB_Default_System_Pool monitor pool [DB_Default_System_Pool]
2015-08-03 16:04:47,780 [PoolMonitor Thread:DBAgentPool](181017)[INFO] base.pool.imp.PoolMonitor - MonitorThread  (Thread[PoolMonitor Thread:DBAgentPool,5,main]) DBAgentPool monitor pool [DBAgentPool]
2015-08-03 16:05:47,699 [PoolMonitor Thread:NXFMS_DB_POOL](240936)[INFO] base.pool.imp.PoolMonitor - MonitorThread  (Thread[PoolMonitor Thread:NXFMS_DB_POOL,5,main]) NXFMS_DB_POOL monitor pool [NXFMS_DB_POOL]
2015-08-03 16:05:47,737 [PoolMonitor Thread:DB_Default_System_Pool](240974)[INFO] base.pool.imp.PoolMonitor - MonitorThread  (Thread[PoolMonitor Thread:DB_Default_System_Pool,5,main]) DB_Default_System_Pool monitor pool [DB_Default_System_Pool]
2015-08-03 16:05:47,780 [PoolMonitor Thread:DBAgentPool](241017)[INFO] base.pool.imp.PoolMonitor - MonitorThread  (Thread[PoolMonitor Thread:DBAgentPool,5,main]) DBAgentPool monitor pool [DBAgentPool]
2015-08-03 16:06:47,705 [PoolMonitor Thread:NXFMS_DB_POOL](300942)[INFO] base.pool.imp.PoolMonitor - MonitorThread  (Thread[PoolMonitor Thread:NXFMS_DB_POOL,5,main]) NXFMS_DB_POOL monitor pool [NXFMS_DB_POOL]
2015-08-03 16:06:47,743 [PoolMonitor Thread:DB_Default_System_Pool](300980)[INFO] base.pool.imp.PoolMonitor - MonitorThread  (Thread[PoolMonitor Thread:DB_Default_System_Pool,5,main]) DB_Default_System_Pool monitor pool [DB_Default_System_Pool]
2015-08-03 16:06:47,781 [PoolMonitor Thread:DBAgentPool](301018)[INFO] base.pool.imp.PoolMonitor - MonitorThread  (Thread[PoolMonitor Thread:DBAgentPool,5,main]) DBAgentPool monitor pool [DBAgentPool]
2015-08-03 16:07:47,711 [PoolMonitor Thread:NXFMS_DB_POOL](360948)[INFO] base.pool.imp.PoolMonitor - MonitorThread  (Thread[PoolMonitor Thread:NXFMS_DB_POOL,5,main]) NXFMS_DB_POOL monitor pool [NXFMS_DB_POOL]
2015-08-03 16:07:47,748 [PoolMonitor Thread:DB_Default_System_Pool](360985)[INFO] base.pool.imp.PoolMonitor - MonitorThread  (Thread[PoolMonitor Thread:DB_Default_System_Pool,5,main]) DB_Default_System_Pool monitor pool [DB_Default_System_Pool]
2015-08-03 16:07:47,781 [PoolMonitor Thread:DBAgentPool](361018)[INFO] base.pool.imp.PoolMonitor - MonitorThread  (Thread[PoolMonitor Thread:DBAgentPool,5,main]) DBAgentPool monitor pool [DBAgentPool]
2015-08-03 16:08:47,717 [PoolMonitor Thread:NXFMS_DB_POOL](420954)[INFO] base.pool.imp.PoolMonitor - MonitorThread  (Thread[PoolMonitor Thread:NXFMS_DB_POOL,5,main]) NXFMS_DB_POOL monitor pool [NXFMS_DB_POOL]
2015-08-03 16:08:47,753 [PoolMonitor Thread:DB_Default_System_Pool](420990)[INFO] base.pool.imp.PoolMonitor - MonitorThread  (Thread[PoolMonitor Thread:DB_Default_System_Pool,5,main]) DB_Default_System_Pool monitor pool [DB_Default_System_Pool]
2015-08-03 16:08:47,781 [PoolMonitor Thread:DBAgentPool](421018)[INFO] base.pool.imp.PoolMonitor - MonitorThread  (Thread[PoolMonitor Thread:DBAgentPool,5,main]) DBAgentPool monitor pool [DBAgentPool]
2015-08-03 16:09:47,723 [PoolMonitor Thread:NXFMS_DB_POOL](480960)[INFO] base.pool.imp.PoolMonitor - MonitorThread  (Thread[PoolMonitor Thread:NXFMS_DB_POOL,5,main]) NXFMS_DB_POOL monitor pool [NXFMS_DB_POOL]
2015-08-03 16:09:47,758 [PoolMonitor Thread:DB_Default_System_Pool](480995)[INFO] base.pool.imp.PoolMonitor - MonitorThread  (Thread[PoolMonitor Thread:DB_Default_System_Pool,5,main]) DB_Default_System_Pool monitor pool [DB_Default_System_Pool]
2015-08-03 16:09:47,782 [PoolMonitor Thread:DBAgentPool](481019)[INFO] base.pool.imp.PoolMonitor - MonitorThread  (Thread[PoolMonitor Thread:DBAgentPool,5,main]) DBAgentPool monitor pool [DBAgentPool]
2015-08-03 16:10:47,729 [PoolMonitor Thread:NXFMS_DB_POOL](540966)[INFO] base.pool.imp.PoolMonitor - MonitorThread  (Thread[PoolMonitor Thread:NXFMS_DB_POOL,5,main]) NXFMS_DB_POOL monitor pool [NXFMS_DB_POOL]
2015-08-03 16:10:47,763 [PoolMonitor Thread:DB_Default_System_Pool](541000)[INFO] base.pool.imp.PoolMonitor - MonitorThread  (Thread[PoolMonitor Thread:DB_Default_System_Pool,5,main]) DB_Default_System_Pool monitor pool [DB_Default_System_Pool]
2015-08-03 16:10:47,782 [PoolMonitor Thread:DBAgentPool](541019)[INFO] base.pool.imp.PoolMonitor - MonitorThread  (Thread[PoolMonitor Thread:DBAgentPool,5,main]) DBAgentPool monitor pool [DBAgentPool]
2015-08-03 16:11:47,736 [PoolMonitor Thread:NXFMS_DB_POOL](600973)[INFO] base.pool.imp.PoolMonitor - MonitorThread  (Thread[PoolMonitor Thread:NXFMS_DB_POOL,5,main]) NXFMS_DB_POOL monitor pool [NXFMS_DB_POOL]
2015-08-03 16:11:47,768 [PoolMonitor Thread:DB_Default_System_Pool](601005)[INFO] base.pool.imp.PoolMonitor - MonitorThread  (Thread[PoolMonitor Thread:DB_Default_System_Pool,5,main]) DB_Default_System_Pool monitor pool [DB_Default_System_Pool]
2015-08-03 16:11:47,783 [PoolMonitor Thread:DBAgentPool](601020)[INFO] base.pool.imp.PoolMonitor - MonitorThread  (Thread[PoolMonitor Thread:DBAgentPool,5,main]) DBAgentPool monitor pool [DBAgentPool]
2015-08-03 16:12:47,743 [PoolMonitor Thread:NXFMS_DB_POOL](660980)[INFO] base.pool.imp.PoolMonitor - MonitorThread  (Thread[PoolMonitor Thread:NXFMS_DB_POOL,5,main]) NXFMS_DB_POOL monitor pool [NXFMS_DB_POOL]
2015-08-03 16:12:47,773 [PoolMonitor Thread:DB_Default_System_Pool](661010)[INFO] base.pool.imp.PoolMonitor - MonitorThread  (Thread[PoolMonitor Thread:DB_Default_System_Pool,5,main]) DB_Default_System_Pool monitor pool [DB_Default_System_Pool]
2015-08-03 16:12:47,783 [PoolMonitor Thread:DBAgentPool](661020)[INFO] base.pool.imp.PoolMonitor - MonitorThread  (Thread[PoolMonitor Thread:DBAgentPool,5,main]) DBAgentPool monitor pool [DBAgentPool]
2015-08-03 16:13:47,749 [PoolMonitor Thread:NXFMS_DB_POOL](720986)[INFO] base.pool.imp.PoolMonitor - MonitorThread  (Thread[PoolMonitor Thread:NXFMS_DB_POOL,5,main]) NXFMS_DB_POOL monitor pool [NXFMS_DB_POOL]
2015-08-03 16:13:47,778 [PoolMonitor Thread:DB_Default_System_Pool](721015)[INFO] base.pool.imp.PoolMonitor - MonitorThread  (Thread[PoolMonitor Thread:DB_Default_System_Pool,5,main]) DB_Default_System_Pool monitor pool [DB_Default_System_Pool]
2015-08-03 16:13:47,784 [PoolMonitor Thread:DBAgentPool](721021)[INFO] base.pool.imp.PoolMonitor - MonitorThread  (Thread[PoolMonitor Thread:DBAgentPool,5,main]) DBAgentPool monitor pool [DBAgentPool]
2015-08-03 16:14:47,755 [PoolMonitor Thread:NXFMS_DB_POOL](780992)[INFO] base.pool.imp.PoolMonitor - MonitorThread  (Thread[PoolMonitor Thread:NXFMS_DB_POOL,5,main]) NXFMS_DB_POOL monitor pool [NXFMS_DB_POOL]
2015-08-03 16:14:47,783 [PoolMonitor Thread:DB_Default_System_Pool](781020)[INFO] base.pool.imp.PoolMonitor - MonitorThread  (Thread[PoolMonitor Thread:DB_Default_System_Pool,5,main]) DB_Default_System_Pool monitor pool [DB_Default_System_Pool]
2015-08-03 16:14:47,784 [PoolMonitor Thread:DBAgentPool](781021)[INFO] base.pool.imp.PoolMonitor - MonitorThread  (Thread[PoolMonitor Thread:DBAgentPool,5,main]) DBAgentPool monitor pool [DBAgentPool]
2015-08-03 16:15:18,309 [http-8080-exec-5](811546)[INFO] base.service_agent.ServiceAgent - pool [null] is not exsit,use default pool [System_Default_ServicePool]!
2015-08-03 16:15:18,326 [http-8080-exec-5](811563)[INFO] base.service_agent.ServiceAgent - pool [null] is not exsit,use default pool [System_Default_ServicePool]!
2015-08-03 16:15:18,352 [http-8080-exec-5](811589)[WARN] base.common_service.CommonControll - 调用服务[PortalServer]失败:人员不存在
2015-08-03 16:15:47,759 [PoolMonitor Thread:NXFMS_DB_POOL](840996)[INFO] base.pool.imp.PoolMonitor - MonitorThread  (Thread[PoolMonitor Thread:NXFMS_DB_POOL,5,main]) NXFMS_DB_POOL monitor pool [NXFMS_DB_POOL]
2015-08-03 16:15:47,784 [PoolMonitor Thread:DBAgentPool](841021)[INFO] base.pool.imp.PoolMonitor - MonitorThread  (Thread[PoolMonitor Thread:DBAgentPool,5,main]) DBAgentPool monitor pool [DBAgentPool]
2015-08-03 16:15:47,788 [PoolMonitor Thread:DB_Default_System_Pool](841025)[INFO] base.pool.imp.PoolMonitor - MonitorThread  (Thread[PoolMonitor Thread:DB_Default_System_Pool,5,main]) DB_Default_System_Pool monitor pool [DB_Default_System_Pool]
2015-08-03 16:16:47,765 [PoolMonitor Thread:NXFMS_DB_POOL](901002)[INFO] base.pool.imp.PoolMonitor - MonitorThread  (Thread[PoolMonitor Thread:NXFMS_DB_POOL,5,main]) NXFMS_DB_POOL monitor pool [NXFMS_DB_POOL]
2015-08-03 16:16:47,785 [PoolMonitor Thread:DBAgentPool](901022)[INFO] base.pool.imp.PoolMonitor - MonitorThread  (Thread[PoolMonitor Thread:DBAgentPool,5,main]) DBAgentPool monitor pool [DBAgentPool]
2015-08-03 16:16:47,793 [PoolMonitor Thread:DB_Default_System_Pool](901030)[INFO] base.pool.imp.PoolMonitor - MonitorThread  (Thread[PoolMonitor Thread:DB_Default_System_Pool,5,main]) DB_Default_System_Pool monitor pool [DB_Default_System_Pool]
2015-08-03 16:17:47,771 [PoolMonitor Thread:NXFMS_DB_POOL](961008)[INFO] base.pool.imp.PoolMonitor - MonitorThread  (Thread[PoolMonitor Thread:NXFMS_DB_POOL,5,main]) NXFMS_DB_POOL monitor pool [NXFMS_DB_POOL]
2015-08-03 16:17:47,785 [PoolMonitor Thread:DBAgentPool](961022)[INFO] base.pool.imp.PoolMonitor - MonitorThread  (Thread[PoolMonitor Thread:DBAgentPool,5,main]) DBAgentPool monitor pool [DBAgentPool]
2015-08-03 16:17:47,797 [PoolMonitor Thread:DB_Default_System_Pool](961034)[INFO] base.pool.imp.PoolMonitor - MonitorThread  (Thread[PoolMonitor Thread:DB_Default_System_Pool,5,main]) DB_Default_System_Pool monitor pool [DB_Default_System_Pool]
2015-08-03 16:18:47,777 [PoolMonitor Thread:NXFMS_DB_POOL](1021014)[INFO] base.pool.imp.PoolMonitor - MonitorThread  (Thread[PoolMonitor Thread:NXFMS_DB_POOL,5,main]) NXFMS_DB_POOL monitor pool [NXFMS_DB_POOL]
2015-08-03 16:18:47,786 [PoolMonitor Thread:DBAgentPool](1021023)[INFO] base.pool.imp.PoolMonitor - MonitorThread  (Thread[PoolMonitor Thread:DBAgentPool,5,main]) DBAgentPool monitor pool [DBAgentPool]
2015-08-03 16:18:47,802 [PoolMonitor Thread:DB_Default_System_Pool](1021039)[INFO] base.pool.imp.PoolMonitor - MonitorThread  (Thread[PoolMonitor Thread:DB_Default_System_Pool,5,main]) DB_Default_System_Pool monitor pool [DB_Default_System_Pool]
2015-08-03 16:19:47,783 [PoolMonitor Thread:NXFMS_DB_POOL](1081020)[INFO] base.pool.imp.PoolMonitor - MonitorThread  (Thread[PoolMonitor Thread:NXFMS_DB_POOL,5,main]) NXFMS_DB_POOL monitor pool [NXFMS_DB_POOL]
2015-08-03 16:19:47,786 [PoolMonitor Thread:DBAgentPool](1081023)[INFO] base.pool.imp.PoolMonitor - MonitorThread  (Thread[PoolMonitor Thread:DBAgentPool,5,main]) DBAgentPool monitor pool [DBAgentPool]
2015-08-03 16:19:47,808 [PoolMonitor Thread:DB_Default_System_Pool](1081045)[INFO] base.pool.imp.PoolMonitor - MonitorThread  (Thread[PoolMonitor Thread:DB_Default_System_Pool,5,main]) DB_Default_System_Pool monitor pool [DB_Default_System_Pool]
2015-08-03 16:20:47,787 [PoolMonitor Thread:DBAgentPool](1141024)[INFO] base.pool.imp.PoolMonitor - MonitorThread  (Thread[PoolMonitor Thread:DBAgentPool,5,main]) DBAgentPool monitor pool [DBAgentPool]
2015-08-03 16:20:47,789 [PoolMonitor Thread:NXFMS_DB_POOL](1141026)[INFO] base.pool.imp.PoolMonitor - MonitorThread  (Thread[PoolMonitor Thread:NXFMS_DB_POOL,5,main]) NXFMS_DB_POOL monitor pool [NXFMS_DB_POOL]
2015-08-03 16:20:47,814 [PoolMonitor Thread:DB_Default_System_Pool](1141051)[INFO] base.pool.imp.PoolMonitor - MonitorThread  (Thread[PoolMonitor Thread:DB_Default_System_Pool,5,main]) DB_Default_System_Pool monitor pool [DB_Default_System_Pool]
2015-08-03 16:21:47,787 [PoolMonitor Thread:DBAgentPool](1201024)[INFO] base.pool.imp.PoolMonitor - MonitorThread  (Thread[PoolMonitor Thread:DBAgentPool,5,main]) DBAgentPool monitor pool [DBAgentPool]
2015-08-03 16:21:47,795 [PoolMonitor Thread:NXFMS_DB_POOL](1201032)[INFO] base.pool.imp.PoolMonitor - MonitorThread  (Thread[PoolMonitor Thread:NXFMS_DB_POOL,5,main]) NXFMS_DB_POOL monitor pool [NXFMS_DB_POOL]
2015-08-03 16:21:47,818 [PoolMonitor Thread:DB_Default_System_Pool](1201055)[INFO] base.pool.imp.PoolMonitor - MonitorThread  (Thread[PoolMonitor Thread:DB_Default_System_Pool,5,main]) DB_Default_System_Pool monitor pool [DB_Default_System_Pool]
2015-08-03 16:22:47,787 [PoolMonitor Thread:DBAgentPool](1261024)[INFO] base.pool.imp.PoolMonitor - MonitorThread  (Thread[PoolMonitor Thread:DBAgentPool,5,main]) DBAgentPool monitor pool [DBAgentPool]
2015-08-03 16:22:47,800 [PoolMonitor Thread:NXFMS_DB_POOL](1261037)[INFO] base.pool.imp.PoolMonitor - MonitorThread  (Thread[PoolMonitor Thread:NXFMS_DB_POOL,5,main]) NXFMS_DB_POOL monitor pool [NXFMS_DB_POOL]
2015-08-03 16:22:47,822 [PoolMonitor Thread:DB_Default_System_Pool](1261059)[INFO] base.pool.imp.PoolMonitor - MonitorThread  (Thread[PoolMonitor Thread:DB_Default_System_Pool,5,main]) DB_Default_System_Pool monitor pool [DB_Default_System_Pool]
2015-08-03 16:23:47,788 [PoolMonitor Thread:DBAgentPool](1321025)[INFO] base.pool.imp.PoolMonitor - MonitorThread  (Thread[PoolMonitor Thread:DBAgentPool,5,main]) DBAgentPool monitor pool [DBAgentPool]
2015-08-03 16:23:47,806 [PoolMonitor Thread:NXFMS_DB_POOL](1321043)[INFO] base.pool.imp.PoolMonitor - MonitorThread  (Thread[PoolMonitor Thread:NXFMS_DB_POOL,5,main]) NXFMS_DB_POOL monitor pool [NXFMS_DB_POOL]
2015-08-03 16:23:47,828 [PoolMonitor Thread:DB_Default_System_Pool](1321065)[INFO] base.pool.imp.PoolMonitor - MonitorThread  (Thread[PoolMonitor Thread:DB_Default_System_Pool,5,main]) DB_Default_System_Pool monitor pool [DB_Default_System_Pool]
2015-08-03 16:24:47,788 [PoolMonitor Thread:DBAgentPool](1381025)[INFO] base.pool.imp.PoolMonitor - MonitorThread  (Thread[PoolMonitor Thread:DBAgentPool,5,main]) DBAgentPool monitor pool [DBAgentPool]
2015-08-03 16:24:47,811 [PoolMonitor Thread:NXFMS_DB_POOL](1381048)[INFO] base.pool.imp.PoolMonitor - MonitorThread  (Thread[PoolMonitor Thread:NXFMS_DB_POOL,5,main]) NXFMS_DB_POOL monitor pool [NXFMS_DB_POOL]
2015-08-03 16:24:47,833 [PoolMonitor Thread:DB_Default_System_Pool](1381070)[INFO] base.pool.imp.PoolMonitor - MonitorThread  (Thread[PoolMonitor Thread:DB_Default_System_Pool,5,main]) DB_Default_System_Pool monitor pool [DB_Default_System_Pool]
2015-08-03 16:25:47,789 [PoolMonitor Thread:DBAgentPool](1441026)[INFO] base.pool.imp.PoolMonitor - MonitorThread  (Thread[PoolMonitor Thread:DBAgentPool,5,main]) DBAgentPool monitor pool [DBAgentPool]
2015-08-03 16:25:47,823 [PoolMonitor Thread:NXFMS_DB_POOL](1441060)[INFO] base.pool.imp.PoolMonitor - MonitorThread  (Thread[PoolMonitor Thread:NXFMS_DB_POOL,5,main]) NXFMS_DB_POOL monitor pool [NXFMS_DB_POOL]
2015-08-03 16:25:47,838 [PoolMonitor Thread:DB_Default_System_Pool](1441075)[INFO] base.pool.imp.PoolMonitor - MonitorThread  (Thread[PoolMonitor Thread:DB_Default_System_Pool,5,main]) DB_Default_System_Pool monitor pool [DB_Default_System_Pool]
2015-08-03 16:26:47,789 [PoolMonitor Thread:DBAgentPool](1501026)[INFO] base.pool.imp.PoolMonitor - MonitorThread  (Thread[PoolMonitor Thread:DBAgentPool,5,main]) DBAgentPool monitor pool [DBAgentPool]
2015-08-03 16:26:47,829 [PoolMonitor Thread:NXFMS_DB_POOL](1501066)[INFO] base.pool.imp.PoolMonitor - MonitorThread  (Thread[PoolMonitor Thread:NXFMS_DB_POOL,5,main]) NXFMS_DB_POOL monitor pool [NXFMS_DB_POOL]
2015-08-03 16:26:47,842 [PoolMonitor Thread:DB_Default_System_Pool](1501079)[INFO] base.pool.imp.PoolMonitor - MonitorThread  (Thread[PoolMonitor Thread:DB_Default_System_Pool,5,main]) DB_Default_System_Pool monitor pool [DB_Default_System_Pool]
2015-08-03 16:27:47,790 [PoolMonitor Thread:DBAgentPool](1561027)[INFO] base.pool.imp.PoolMonitor - MonitorThread  (Thread[PoolMonitor Thread:DBAgentPool,5,main]) DBAgentPool monitor pool [DBAgentPool]
2015-08-03 16:27:47,835 [PoolMonitor Thread:NXFMS_DB_POOL](1561072)[INFO] base.pool.imp.PoolMonitor - MonitorThread  (Thread[PoolMonitor Thread:NXFMS_DB_POOL,5,main]) NXFMS_DB_POOL monitor pool [NXFMS_DB_POOL]
2015-08-03 16:27:47,847 [PoolMonitor Thread:DB_Default_System_Pool](1561084)[INFO] base.pool.imp.PoolMonitor - MonitorThread  (Thread[PoolMonitor Thread:DB_Default_System_Pool,5,main]) DB_Default_System_Pool monitor pool [DB_Default_System_Pool]
2015-08-03 16:28:47,790 [PoolMonitor Thread:DBAgentPool](1621027)[INFO] base.pool.imp.PoolMonitor - MonitorThread  (Thread[PoolMonitor Thread:DBAgentPool,5,main]) DBAgentPool monitor pool [DBAgentPool]
2015-08-03 16:28:47,841 [PoolMonitor Thread:NXFMS_DB_POOL](1621078)[INFO] base.pool.imp.PoolMonitor - MonitorThread  (Thread[PoolMonitor Thread:NXFMS_DB_POOL,5,main]) NXFMS_DB_POOL monitor pool [NXFMS_DB_POOL]
2015-08-03 16:28:47,851 [PoolMonitor Thread:DB_Default_System_Pool](1621088)[INFO] base.pool.imp.PoolMonitor - MonitorThread  (Thread[PoolMonitor Thread:DB_Default_System_Pool,5,main]) DB_Default_System_Pool monitor pool [DB_Default_System_Pool]
2015-08-03 16:29:18,950 [http-8080-exec-1](1652187)[INFO] base.service_agent.ServiceAgent - pool [null] is not exsit,use default pool [System_Default_ServicePool]!
2015-08-03 16:29:18,969 [http-8080-exec-1](1652206)[INFO] base.service_agent.ServiceAgent - pool [null] is not exsit,use default pool [System_Default_ServicePool]!
2015-08-03 16:29:20,789 [http-8080-exec-6](1654026)[INFO] base.service_agent.ServiceAgent - pool [null] is not exsit,use default pool [System_Default_ServicePool]!
2015-08-03 16:29:20,789 [http-8080-exec-1](1654026)[INFO] base.service_agent.ServiceAgent - pool [null] is not exsit,use default pool [System_Default_ServicePool]!
2015-08-03 16:29:20,792 [http-8080-exec-3](1654029)[INFO] base.service_agent.ServiceAgent - pool [null] is not exsit,use default pool [System_Default_ServicePool]!
2015-08-03 16:29:20,792 [http-8080-exec-4](1654029)[INFO] base.service_agent.ServiceAgent - pool [null] is not exsit,use default pool [System_Default_ServicePool]!
2015-08-03 16:29:20,793 [http-8080-exec-7](1654030)[INFO] base.service_agent.ServiceAgent - pool [null] is not exsit,use default pool [System_Default_ServicePool]!
2015-08-03 16:29:20,793 [http-8080-exec-5](1654030)[INFO] base.service_agent.ServiceAgent - pool [null] is not exsit,use default pool [System_Default_ServicePool]!
2015-08-03 16:29:20,823 [http-8080-exec-2](1654060)[INFO] base.service_agent.ServiceAgent - pool [null] is not exsit,use default pool [System_Default_ServicePool]!
2015-08-03 16:29:20,833 [http-8080-exec-2](1654070)[INFO] base.service_agent.ServiceAgent - pool [null] is not exsit,use default pool [System_Default_ServicePool]!
2015-08-03 16:29:20,833 [http-8080-exec-2](1654070)[INFO] CONFIG - Find the config item from base.config.PubTabConf
2015-08-03 16:29:20,833 [http-8080-exec-1](1654070)[INFO] base.service_agent.ServiceAgent - pool [null] is not exsit,use default pool [System_Default_ServicePool]!
2015-08-03 16:29:20,834 [http-8080-exec-4](1654071)[INFO] base.service_agent.ServiceAgent - pool [null] is not exsit,use default pool [System_Default_ServicePool]!
2015-08-03 16:29:20,835 [http-8080-exec-6](1654072)[INFO] base.service_agent.ServiceAgent - pool [null] is not exsit,use default pool [System_Default_ServicePool]!
2015-08-03 16:29:20,836 [http-8080-exec-2](1654073)[INFO] base.service_agent.ServiceAgent - pool [null] is not exsit,use default pool [System_Default_ServicePool]!
2015-08-03 16:29:20,843 [http-8080-exec-4](1654080)[INFO] base.service_agent.ServiceAgent - pool [null] is not exsit,use default pool [System_Default_ServicePool]!
2015-08-03 16:29:20,843 [http-8080-exec-2](1654080)[INFO] base.service_agent.ServiceAgent - pool [null] is not exsit,use default pool [System_Default_ServicePool]!
2015-08-03 16:29:20,844 [http-8080-exec-4](1654081)[INFO] base.service_agent.ServiceAgent - pool [null] is not exsit,use default pool [System_Default_ServicePool]!
2015-08-03 16:29:20,845 [http-8080-exec-2](1654082)[INFO] base.service_agent.ServiceAgent - pool [null] is not exsit,use default pool [System_Default_ServicePool]!
2015-08-03 16:29:47,790 [PoolMonitor Thread:DBAgentPool](1681027)[INFO] base.pool.imp.PoolMonitor - MonitorThread  (Thread[PoolMonitor Thread:DBAgentPool,5,main]) DBAgentPool monitor pool [DBAgentPool]
2015-08-03 16:29:47,846 [PoolMonitor Thread:NXFMS_DB_POOL](1681083)[INFO] base.pool.imp.PoolMonitor - MonitorThread  (Thread[PoolMonitor Thread:NXFMS_DB_POOL,5,main]) NXFMS_DB_POOL monitor pool [NXFMS_DB_POOL]
2015-08-03 16:29:47,855 [PoolMonitor Thread:DB_Default_System_Pool](1681092)[INFO] base.pool.imp.PoolMonitor - MonitorThread  (Thread[PoolMonitor Thread:DB_Default_System_Pool,5,main]) DB_Default_System_Pool monitor pool [DB_Default_System_Pool]
2015-08-03 16:30:47,791 [PoolMonitor Thread:DBAgentPool](1741028)[INFO] base.pool.imp.PoolMonitor - MonitorThread  (Thread[PoolMonitor Thread:DBAgentPool,5,main]) DBAgentPool monitor pool [DBAgentPool]
2015-08-03 16:30:47,852 [PoolMonitor Thread:NXFMS_DB_POOL](1741089)[INFO] base.pool.imp.PoolMonitor - MonitorThread  (Thread[PoolMonitor Thread:NXFMS_DB_POOL,5,main]) NXFMS_DB_POOL monitor pool [NXFMS_DB_POOL]
2015-08-03 16:30:47,860 [PoolMonitor Thread:DB_Default_System_Pool](1741097)[INFO] base.pool.imp.PoolMonitor - MonitorThread  (Thread[PoolMonitor Thread:DB_Default_System_Pool,5,main]) DB_Default_System_Pool monitor pool [DB_Default_System_Pool]
2015-08-03 16:31:47,791 [PoolMonitor Thread:DBAgentPool](1801028)[INFO] base.pool.imp.PoolMonitor - MonitorThread  (Thread[PoolMonitor Thread:DBAgentPool,5,main]) DBAgentPool monitor pool [DBAgentPool]
2015-08-03 16:31:47,857 [PoolMonitor Thread:NXFMS_DB_POOL](1801094)[INFO] base.pool.imp.PoolMonitor - MonitorThread  (Thread[PoolMonitor Thread:NXFMS_DB_POOL,5,main]) NXFMS_DB_POOL monitor pool [NXFMS_DB_POOL]
2015-08-03 16:31:47,864 [PoolMonitor Thread:DB_Default_System_Pool](1801101)[INFO] base.pool.imp.PoolMonitor - MonitorThread  (Thread[PoolMonitor Thread:DB_Default_System_Pool,5,main]) DB_Default_System_Pool monitor pool [DB_Default_System_Pool]
2015-08-03 16:32:47,792 [PoolMonitor Thread:DBAgentPool](1861029)[INFO] base.pool.imp.PoolMonitor - MonitorThread  (Thread[PoolMonitor Thread:DBAgentPool,5,main]) DBAgentPool monitor pool [DBAgentPool]
2015-08-03 16:32:47,863 [PoolMonitor Thread:NXFMS_DB_POOL](1861100)[INFO] base.pool.imp.PoolMonitor - MonitorThread  (Thread[PoolMonitor Thread:NXFMS_DB_POOL,5,main]) NXFMS_DB_POOL monitor pool [NXFMS_DB_POOL]
2015-08-03 16:32:47,869 [PoolMonitor Thread:DB_Default_System_Pool](1861106)[INFO] base.pool.imp.PoolMonitor - MonitorThread  (Thread[PoolMonitor Thread:DB_Default_System_Pool,5,main]) DB_Default_System_Pool monitor pool [DB_Default_System_Pool]
2015-08-03 16:33:47,792 [PoolMonitor Thread:DBAgentPool](1921029)[INFO] base.pool.imp.PoolMonitor - MonitorThread  (Thread[PoolMonitor Thread:DBAgentPool,5,main]) DBAgentPool monitor pool [DBAgentPool]
2015-08-03 16:33:47,868 [PoolMonitor Thread:NXFMS_DB_POOL](1921105)[INFO] base.pool.imp.PoolMonitor - MonitorThread  (Thread[PoolMonitor Thread:NXFMS_DB_POOL,5,main]) NXFMS_DB_POOL monitor pool [NXFMS_DB_POOL]
2015-08-03 16:33:47,873 [PoolMonitor Thread:DB_Default_System_Pool](1921110)[INFO] base.pool.imp.PoolMonitor - MonitorThread  (Thread[PoolMonitor Thread:DB_Default_System_Pool,5,main]) DB_Default_System_Pool monitor pool [DB_Default_System_Pool]
2015-08-03 16:34:47,793 [PoolMonitor Thread:DBAgentPool](1981030)[INFO] base.pool.imp.PoolMonitor - MonitorThread  (Thread[PoolMonitor Thread:DBAgentPool,5,main]) DBAgentPool monitor pool [DBAgentPool]
2015-08-03 16:34:47,874 [PoolMonitor Thread:NXFMS_DB_POOL](1981111)[INFO] base.pool.imp.PoolMonitor - MonitorThread  (Thread[PoolMonitor Thread:NXFMS_DB_POOL,5,main]) NXFMS_DB_POOL monitor pool [NXFMS_DB_POOL]
2015-08-03 16:34:47,878 [PoolMonitor Thread:DB_Default_System_Pool](1981115)[INFO] base.pool.imp.PoolMonitor - MonitorThread  (Thread[PoolMonitor Thread:DB_Default_System_Pool,5,main]) DB_Default_System_Pool monitor pool [DB_Default_System_Pool]
2015-08-03 16:35:47,793 [PoolMonitor Thread:DBAgentPool](2041030)[INFO] base.pool.imp.PoolMonitor - MonitorThread  (Thread[PoolMonitor Thread:DBAgentPool,5,main]) DBAgentPool monitor pool [DBAgentPool]
2015-08-03 16:35:47,879 [PoolMonitor Thread:NXFMS_DB_POOL](2041116)[INFO] base.pool.imp.PoolMonitor - MonitorThread  (Thread[PoolMonitor Thread:NXFMS_DB_POOL,5,main]) NXFMS_DB_POOL monitor pool [NXFMS_DB_POOL]
2015-08-03 16:35:47,882 [PoolMonitor Thread:DB_Default_System_Pool](2041119)[INFO] base.pool.imp.PoolMonitor - MonitorThread  (Thread[PoolMonitor Thread:DB_Default_System_Pool,5,main]) DB_Default_System_Pool monitor pool [DB_Default_System_Pool]
2015-08-03 16:36:47,794 [PoolMonitor Thread:DBAgentPool](2101031)[INFO] base.pool.imp.PoolMonitor - MonitorThread  (Thread[PoolMonitor Thread:DBAgentPool,5,main]) DBAgentPool monitor pool [DBAgentPool]
2015-08-03 16:36:47,886 [PoolMonitor Thread:NXFMS_DB_POOL](2101123)[INFO] base.pool.imp.PoolMonitor - MonitorThread  (Thread[PoolMonitor Thread:NXFMS_DB_POOL,5,main]) NXFMS_DB_POOL monitor pool [NXFMS_DB_POOL]
2015-08-03 16:36:47,888 [PoolMonitor Thread:DB_Default_System_Pool](2101125)[INFO] base.pool.imp.PoolMonitor - MonitorThread  (Thread[PoolMonitor Thread:DB_Default_System_Pool,5,main]) DB_Default_System_Pool monitor pool [DB_Default_System_Pool]
2015-08-03 16:37:47,794 [PoolMonitor Thread:DBAgentPool](2161031)[INFO] base.pool.imp.PoolMonitor - MonitorThread  (Thread[PoolMonitor Thread:DBAgentPool,5,main]) DBAgentPool monitor pool [DBAgentPool]
2015-08-03 16:37:47,891 [PoolMonitor Thread:NXFMS_DB_POOL](2161128)[INFO] base.pool.imp.PoolMonitor - MonitorThread  (Thread[PoolMonitor Thread:NXFMS_DB_POOL,5,main]) NXFMS_DB_POOL monitor pool [NXFMS_DB_POOL]
2015-08-03 16:37:47,892 [PoolMonitor Thread:DB_Default_System_Pool](2161129)[INFO] base.pool.imp.PoolMonitor - MonitorThread  (Thread[PoolMonitor Thread:DB_Default_System_Pool,5,main]) DB_Default_System_Pool monitor pool [DB_Default_System_Pool]
2015-08-03 16:38:47,794 [PoolMonitor Thread:DBAgentPool](2221031)[INFO] base.pool.imp.PoolMonitor - MonitorThread  (Thread[PoolMonitor Thread:DBAgentPool,5,main]) DBAgentPool monitor pool [DBAgentPool]
2015-08-03 16:38:47,896 [PoolMonitor Thread:NXFMS_DB_POOL](2221133)[INFO] base.pool.imp.PoolMonitor - MonitorThread  (Thread[PoolMonitor Thread:NXFMS_DB_POOL,5,main]) NXFMS_DB_POOL monitor pool [NXFMS_DB_POOL]
2015-08-03 16:38:47,896 [PoolMonitor Thread:DB_Default_System_Pool](2221133)[INFO] base.pool.imp.PoolMonitor - MonitorThread  (Thread[PoolMonitor Thread:DB_Default_System_Pool,5,main]) DB_Default_System_Pool monitor pool [DB_Default_System_Pool]
2015-08-03 16:39:47,795 [PoolMonitor Thread:DBAgentPool](2281032)[INFO] base.pool.imp.PoolMonitor - MonitorThread  (Thread[PoolMonitor Thread:DBAgentPool,5,main]) DBAgentPool monitor pool [DBAgentPool]
2015-08-03 16:39:47,902 [PoolMonitor Thread:DB_Default_System_Pool](2281139)[INFO] base.pool.imp.PoolMonitor - MonitorThread  (Thread[PoolMonitor Thread:DB_Default_System_Pool,5,main]) DB_Default_System_Pool monitor pool [DB_Default_System_Pool]
2015-08-03 16:39:47,903 [PoolMonitor Thread:NXFMS_DB_POOL](2281140)[INFO] base.pool.imp.PoolMonitor - MonitorThread  (Thread[PoolMonitor Thread:NXFMS_DB_POOL,5,main]) NXFMS_DB_POOL monitor pool [NXFMS_DB_POOL]
2015-08-03 16:40:47,795 [PoolMonitor Thread:DBAgentPool](2341032)[INFO] base.pool.imp.PoolMonitor - MonitorThread  (Thread[PoolMonitor Thread:DBAgentPool,5,main]) DBAgentPool monitor pool [DBAgentPool]
2015-08-03 16:40:47,908 [PoolMonitor Thread:NXFMS_DB_POOL](2341145)[INFO] base.pool.imp.PoolMonitor - MonitorThread  (Thread[PoolMonitor Thread:NXFMS_DB_POOL,5,main]) NXFMS_DB_POOL monitor pool [NXFMS_DB_POOL]
2015-08-03 16:40:47,909 [PoolMonitor Thread:DB_Default_System_Pool](2341146)[INFO] base.pool.imp.PoolMonitor - MonitorThread  (Thread[PoolMonitor Thread:DB_Default_System_Pool,5,main]) DB_Default_System_Pool monitor pool [DB_Default_System_Pool]
2015-08-03 16:41:47,796 [PoolMonitor Thread:DBAgentPool](2401033)[INFO] base.pool.imp.PoolMonitor - MonitorThread  (Thread[PoolMonitor Thread:DBAgentPool,5,main]) DBAgentPool monitor pool [DBAgentPool]
2015-08-03 16:41:47,914 [PoolMonitor Thread:NXFMS_DB_POOL](2401151)[INFO] base.pool.imp.PoolMonitor - MonitorThread  (Thread[PoolMonitor Thread:NXFMS_DB_POOL,5,main]) NXFMS_DB_POOL monitor pool [NXFMS_DB_POOL]
2015-08-03 16:41:47,914 [PoolMonitor Thread:DB_Default_System_Pool](2401151)[INFO] base.pool.imp.PoolMonitor - MonitorThread  (Thread[PoolMonitor Thread:DB_Default_System_Pool,5,main]) DB_Default_System_Pool monitor pool [DB_Default_System_Pool]
2015-08-03 16:42:47,796 [PoolMonitor Thread:DBAgentPool](2461033)[INFO] base.pool.imp.PoolMonitor - MonitorThread  (Thread[PoolMonitor Thread:DBAgentPool,5,main]) DBAgentPool monitor pool [DBAgentPool]
2015-08-03 16:42:47,919 [PoolMonitor Thread:DB_Default_System_Pool](2461156)[INFO] base.pool.imp.PoolMonitor - MonitorThread  (Thread[PoolMonitor Thread:DB_Default_System_Pool,5,main]) DB_Default_System_Pool monitor pool [DB_Default_System_Pool]
2015-08-03 16:42:47,921 [PoolMonitor Thread:NXFMS_DB_POOL](2461158)[INFO] base.pool.imp.PoolMonitor - MonitorThread  (Thread[PoolMonitor Thread:NXFMS_DB_POOL,5,main]) NXFMS_DB_POOL monitor pool [NXFMS_DB_POOL]
2015-08-03 16:43:47,797 [PoolMonitor Thread:DBAgentPool](2521034)[INFO] base.pool.imp.PoolMonitor - MonitorThread  (Thread[PoolMonitor Thread:DBAgentPool,5,main]) DBAgentPool monitor pool [DBAgentPool]
2015-08-03 16:43:47,925 [PoolMonitor Thread:DB_Default_System_Pool](2521162)[INFO] base.pool.imp.PoolMonitor - MonitorThread  (Thread[PoolMonitor Thread:DB_Default_System_Pool,5,main]) DB_Default_System_Pool monitor pool [DB_Default_System_Pool]
2015-08-03 16:43:47,927 [PoolMonitor Thread:NXFMS_DB_POOL](2521164)[INFO] base.pool.imp.PoolMonitor - MonitorThread  (Thread[PoolMonitor Thread:NXFMS_DB_POOL,5,main]) NXFMS_DB_POOL monitor pool [NXFMS_DB_POOL]
2015-08-03 16:44:47,797 [PoolMonitor Thread:DBAgentPool](2581034)[INFO] base.pool.imp.PoolMonitor - MonitorThread  (Thread[PoolMonitor Thread:DBAgentPool,5,main]) DBAgentPool monitor pool [DBAgentPool]
2015-08-03 16:44:47,931 [PoolMonitor Thread:NXFMS_DB_POOL](2581168)[INFO] base.pool.imp.PoolMonitor - MonitorThread  (Thread[PoolMonitor Thread:NXFMS_DB_POOL,5,main]) NXFMS_DB_POOL monitor pool [NXFMS_DB_POOL]
2015-08-03 16:44:47,931 [PoolMonitor Thread:DB_Default_System_Pool](2581168)[INFO] base.pool.imp.PoolMonitor - MonitorThread  (Thread[PoolMonitor Thread:DB_Default_System_Pool,5,main]) DB_Default_System_Pool monitor pool [DB_Default_System_Pool]
2015-08-03 16:45:47,797 [PoolMonitor Thread:DBAgentPool](2641034)[INFO] base.pool.imp.PoolMonitor - MonitorThread  (Thread[PoolMonitor Thread:DBAgentPool,5,main]) DBAgentPool monitor pool [DBAgentPool]
2015-08-03 16:45:47,935 [PoolMonitor Thread:DB_Default_System_Pool](2641172)[INFO] base.pool.imp.PoolMonitor - MonitorThread  (Thread[PoolMonitor Thread:DB_Default_System_Pool,5,main]) DB_Default_System_Pool monitor pool [DB_Default_System_Pool]
2015-08-03 16:45:47,936 [PoolMonitor Thread:NXFMS_DB_POOL](2641173)[INFO] base.pool.imp.PoolMonitor - MonitorThread  (Thread[PoolMonitor Thread:NXFMS_DB_POOL,5,main]) NXFMS_DB_POOL monitor pool [NXFMS_DB_POOL]
2015-08-03 16:46:47,798 [PoolMonitor Thread:DBAgentPool](2701035)[INFO] base.pool.imp.PoolMonitor - MonitorThread  (Thread[PoolMonitor Thread:DBAgentPool,5,main]) DBAgentPool monitor pool [DBAgentPool]
2015-08-03 16:46:47,941 [PoolMonitor Thread:NXFMS_DB_POOL](2701178)[INFO] base.pool.imp.PoolMonitor - MonitorThread  (Thread[PoolMonitor Thread:NXFMS_DB_POOL,5,main]) NXFMS_DB_POOL monitor pool [NXFMS_DB_POOL]
2015-08-03 16:46:47,941 [PoolMonitor Thread:DB_Default_System_Pool](2701178)[INFO] base.pool.imp.PoolMonitor - MonitorThread  (Thread[PoolMonitor Thread:DB_Default_System_Pool,5,main]) DB_Default_System_Pool monitor pool [DB_Default_System_Pool]
2015-08-03 16:47:47,798 [PoolMonitor Thread:DBAgentPool](2761035)[INFO] base.pool.imp.PoolMonitor - MonitorThread  (Thread[PoolMonitor Thread:DBAgentPool,5,main]) DBAgentPool monitor pool [DBAgentPool]
2015-08-03 16:47:47,946 [PoolMonitor Thread:NXFMS_DB_POOL](2761183)[INFO] base.pool.imp.PoolMonitor - MonitorThread  (Thread[PoolMonitor Thread:NXFMS_DB_POOL,5,main]) NXFMS_DB_POOL monitor pool [NXFMS_DB_POOL]
2015-08-03 16:47:47,946 [PoolMonitor Thread:DB_Default_System_Pool](2761183)[INFO] base.pool.imp.PoolMonitor - MonitorThread  (Thread[PoolMonitor Thread:DB_Default_System_Pool,5,main]) DB_Default_System_Pool monitor pool [DB_Default_System_Pool]
2015-08-03 16:48:47,799 [PoolMonitor Thread:DBAgentPool](2821036)[INFO] base.pool.imp.PoolMonitor - MonitorThread  (Thread[PoolMonitor Thread:DBAgentPool,5,main]) DBAgentPool monitor pool [DBAgentPool]
2015-08-03 16:48:47,952 [PoolMonitor Thread:NXFMS_DB_POOL](2821189)[INFO] base.pool.imp.PoolMonitor - MonitorThread  (Thread[PoolMonitor Thread:NXFMS_DB_POOL,5,main]) NXFMS_DB_POOL monitor pool [NXFMS_DB_POOL]
2015-08-03 16:48:47,955 [PoolMonitor Thread:DB_Default_System_Pool](2821192)[INFO] base.pool.imp.PoolMonitor - MonitorThread  (Thread[PoolMonitor Thread:DB_Default_System_Pool,5,main]) DB_Default_System_Pool monitor pool [DB_Default_System_Pool]
2015-08-03 16:49:47,799 [PoolMonitor Thread:DBAgentPool](2881036)[INFO] base.pool.imp.PoolMonitor - MonitorThread  (Thread[PoolMonitor Thread:DBAgentPool,5,main]) DBAgentPool monitor pool [DBAgentPool]
2015-08-03 16:49:47,963 [PoolMonitor Thread:NXFMS_DB_POOL](2881200)[INFO] base.pool.imp.PoolMonitor - MonitorThread  (Thread[PoolMonitor Thread:NXFMS_DB_POOL,5,main]) NXFMS_DB_POOL monitor pool [NXFMS_DB_POOL]
2015-08-03 16:49:47,963 [PoolMonitor Thread:DB_Default_System_Pool](2881200)[INFO] base.pool.imp.PoolMonitor - MonitorThread  (Thread[PoolMonitor Thread:DB_Default_System_Pool,5,main]) DB_Default_System_Pool monitor pool [DB_Default_System_Pool]
2015-08-03 16:50:47,800 [PoolMonitor Thread:DBAgentPool](2941037)[INFO] base.pool.imp.PoolMonitor - MonitorThread  (Thread[PoolMonitor Thread:DBAgentPool,5,main]) DBAgentPool monitor pool [DBAgentPool]
2015-08-03 16:50:47,971 [PoolMonitor Thread:NXFMS_DB_POOL](2941208)[INFO] base.pool.imp.PoolMonitor - MonitorThread  (Thread[PoolMonitor Thread:NXFMS_DB_POOL,5,main]) NXFMS_DB_POOL monitor pool [NXFMS_DB_POOL]
2015-08-03 16:50:47,971 [PoolMonitor Thread:DB_Default_System_Pool](2941208)[INFO] base.pool.imp.PoolMonitor - MonitorThread  (Thread[PoolMonitor Thread:DB_Default_System_Pool,5,main]) DB_Default_System_Pool monitor pool [DB_Default_System_Pool]
2015-08-03 16:51:47,800 [PoolMonitor Thread:DBAgentPool](3001037)[INFO] base.pool.imp.PoolMonitor - MonitorThread  (Thread[PoolMonitor Thread:DBAgentPool,5,main]) DBAgentPool monitor pool [DBAgentPool]
2015-08-03 16:51:47,977 [PoolMonitor Thread:NXFMS_DB_POOL](3001214)[INFO] base.pool.imp.PoolMonitor - MonitorThread  (Thread[PoolMonitor Thread:NXFMS_DB_POOL,5,main]) NXFMS_DB_POOL monitor pool [NXFMS_DB_POOL]
2015-08-03 16:51:47,977 [PoolMonitor Thread:DB_Default_System_Pool](3001214)[INFO] base.pool.imp.PoolMonitor - MonitorThread  (Thread[PoolMonitor Thread:DB_Default_System_Pool,5,main]) DB_Default_System_Pool monitor pool [DB_Default_System_Pool]
2015-08-03 16:52:47,800 [PoolMonitor Thread:DBAgentPool](3061037)[INFO] base.pool.imp.PoolMonitor - MonitorThread  (Thread[PoolMonitor Thread:DBAgentPool,5,main]) DBAgentPool monitor pool [DBAgentPool]
2015-08-03 16:52:47,982 [PoolMonitor Thread:DB_Default_System_Pool](3061219)[INFO] base.pool.imp.PoolMonitor - MonitorThread  (Thread[PoolMonitor Thread:DB_Default_System_Pool,5,main]) DB_Default_System_Pool monitor pool [DB_Default_System_Pool]
2015-08-03 16:52:47,983 [PoolMonitor Thread:NXFMS_DB_POOL](3061220)[INFO] base.pool.imp.PoolMonitor - MonitorThread  (Thread[PoolMonitor Thread:NXFMS_DB_POOL,5,main]) NXFMS_DB_POOL monitor pool [NXFMS_DB_POOL]
2015-08-03 16:53:47,801 [PoolMonitor Thread:DBAgentPool](3121038)[INFO] base.pool.imp.PoolMonitor - MonitorThread  (Thread[PoolMonitor Thread:DBAgentPool,5,main]) DBAgentPool monitor pool [DBAgentPool]
2015-08-03 16:53:47,988 [PoolMonitor Thread:DB_Default_System_Pool](3121225)[INFO] base.pool.imp.PoolMonitor - MonitorThread  (Thread[PoolMonitor Thread:DB_Default_System_Pool,5,main]) DB_Default_System_Pool monitor pool [DB_Default_System_Pool]
2015-08-03 16:53:47,989 [PoolMonitor Thread:NXFMS_DB_POOL](3121226)[INFO] base.pool.imp.PoolMonitor - MonitorThread  (Thread[PoolMonitor Thread:NXFMS_DB_POOL,5,main]) NXFMS_DB_POOL monitor pool [NXFMS_DB_POOL]
2015-08-03 16:54:47,801 [PoolMonitor Thread:DBAgentPool](3181038)[INFO] base.pool.imp.PoolMonitor - MonitorThread  (Thread[PoolMonitor Thread:DBAgentPool,5,main]) DBAgentPool monitor pool [DBAgentPool]
2015-08-03 16:54:47,993 [PoolMonitor Thread:NXFMS_DB_POOL](3181230)[INFO] base.pool.imp.PoolMonitor - MonitorThread  (Thread[PoolMonitor Thread:NXFMS_DB_POOL,5,main]) NXFMS_DB_POOL monitor pool [NXFMS_DB_POOL]
2015-08-03 16:54:47,993 [PoolMonitor Thread:DB_Default_System_Pool](3181230)[INFO] base.pool.imp.PoolMonitor - MonitorThread  (Thread[PoolMonitor Thread:DB_Default_System_Pool,5,main]) DB_Default_System_Pool monitor pool [DB_Default_System_Pool]
2015-08-03 16:55:47,802 [PoolMonitor Thread:DBAgentPool](3241039)[INFO] base.pool.imp.PoolMonitor - MonitorThread  (Thread[PoolMonitor Thread:DBAgentPool,5,main]) DBAgentPool monitor pool [DBAgentPool]
2015-08-03 16:55:47,999 [PoolMonitor Thread:NXFMS_DB_POOL](3241236)[INFO] base.pool.imp.PoolMonitor - MonitorThread  (Thread[PoolMonitor Thread:NXFMS_DB_POOL,5,main]) NXFMS_DB_POOL monitor pool [NXFMS_DB_POOL]
2015-08-03 16:55:47,999 [PoolMonitor Thread:DB_Default_System_Pool](3241236)[INFO] base.pool.imp.PoolMonitor - MonitorThread  (Thread[PoolMonitor Thread:DB_Default_System_Pool,5,main]) DB_Default_System_Pool monitor pool [DB_Default_System_Pool]
2015-08-03 16:56:47,802 [PoolMonitor Thread:DBAgentPool](3301039)[INFO] base.pool.imp.PoolMonitor - MonitorThread  (Thread[PoolMonitor Thread:DBAgentPool,5,main]) DBAgentPool monitor pool [DBAgentPool]
2015-08-03 16:56:48,004 [PoolMonitor Thread:DB_Default_System_Pool](3301241)[INFO] base.pool.imp.PoolMonitor - MonitorThread  (Thread[PoolMonitor Thread:DB_Default_System_Pool,5,main]) DB_Default_System_Pool monitor pool [DB_Default_System_Pool]
2015-08-03 16:56:48,004 [PoolMonitor Thread:NXFMS_DB_POOL](3301241)[INFO] base.pool.imp.PoolMonitor - MonitorThread  (Thread[PoolMonitor Thread:NXFMS_DB_POOL,5,main]) NXFMS_DB_POOL monitor pool [NXFMS_DB_POOL]
2015-08-03 16:57:47,803 [PoolMonitor Thread:DBAgentPool](3361040)[INFO] base.pool.imp.PoolMonitor - MonitorThread  (Thread[PoolMonitor Thread:DBAgentPool,5,main]) DBAgentPool monitor pool [DBAgentPool]
2015-08-03 16:57:48,011 [PoolMonitor Thread:NXFMS_DB_POOL](3361248)[INFO] base.pool.imp.PoolMonitor - MonitorThread  (Thread[PoolMonitor Thread:NXFMS_DB_POOL,5,main]) NXFMS_DB_POOL monitor pool [NXFMS_DB_POOL]
2015-08-03 16:57:48,011 [PoolMonitor Thread:DB_Default_System_Pool](3361248)[INFO] base.pool.imp.PoolMonitor - MonitorThread  (Thread[PoolMonitor Thread:DB_Default_System_Pool,5,main]) DB_Default_System_Pool monitor pool [DB_Default_System_Pool]
2015-08-03 16:58:47,803 [PoolMonitor Thread:DBAgentPool](3421040)[INFO] base.pool.imp.PoolMonitor - MonitorThread  (Thread[PoolMonitor Thread:DBAgentPool,5,main]) DBAgentPool monitor pool [DBAgentPool]
2015-08-03 16:58:48,018 [PoolMonitor Thread:NXFMS_DB_POOL](3421255)[INFO] base.pool.imp.PoolMonitor - MonitorThread  (Thread[PoolMonitor Thread:NXFMS_DB_POOL,5,main]) NXFMS_DB_POOL monitor pool [NXFMS_DB_POOL]
2015-08-03 16:58:48,018 [PoolMonitor Thread:DB_Default_System_Pool](3421255)[INFO] base.pool.imp.PoolMonitor - MonitorThread  (Thread[PoolMonitor Thread:DB_Default_System_Pool,5,main]) DB_Default_System_Pool monitor pool [DB_Default_System_Pool]
2015-08-03 16:59:47,803 [PoolMonitor Thread:DBAgentPool](3481040)[INFO] base.pool.imp.PoolMonitor - MonitorThread  (Thread[PoolMonitor Thread:DBAgentPool,5,main]) DBAgentPool monitor pool [DBAgentPool]
2015-08-03 16:59:48,023 [PoolMonitor Thread:DB_Default_System_Pool](3481260)[INFO] base.pool.imp.PoolMonitor - MonitorThread  (Thread[PoolMonitor Thread:DB_Default_System_Pool,5,main]) DB_Default_System_Pool monitor pool [DB_Default_System_Pool]
2015-08-03 16:59:48,024 [PoolMonitor Thread:NXFMS_DB_POOL](3481261)[INFO] base.pool.imp.PoolMonitor - MonitorThread  (Thread[PoolMonitor Thread:NXFMS_DB_POOL,5,main]) NXFMS_DB_POOL monitor pool [NXFMS_DB_POOL]
2015-08-03 17:00:47,804 [PoolMonitor Thread:DBAgentPool](3541041)[INFO] base.pool.imp.PoolMonitor - MonitorThread  (Thread[PoolMonitor Thread:DBAgentPool,5,main]) DBAgentPool monitor pool [DBAgentPool]
2015-08-03 17:00:48,029 [PoolMonitor Thread:NXFMS_DB_POOL](3541266)[INFO] base.pool.imp.PoolMonitor - MonitorThread  (Thread[PoolMonitor Thread:NXFMS_DB_POOL,5,main]) NXFMS_DB_POOL monitor pool [NXFMS_DB_POOL]
2015-08-03 17:00:48,030 [PoolMonitor Thread:DB_Default_System_Pool](3541267)[INFO] base.pool.imp.PoolMonitor - MonitorThread  (Thread[PoolMonitor Thread:DB_Default_System_Pool,5,main]) DB_Default_System_Pool monitor pool [DB_Default_System_Pool]
2015-08-03 17:01:47,804 [PoolMonitor Thread:DBAgentPool](3601041)[INFO] base.pool.imp.PoolMonitor - MonitorThread  (Thread[PoolMonitor Thread:DBAgentPool,5,main]) DBAgentPool monitor pool [DBAgentPool]
2015-08-03 17:01:48,034 [PoolMonitor Thread:NXFMS_DB_POOL](3601271)[INFO] base.pool.imp.PoolMonitor - MonitorThread  (Thread[PoolMonitor Thread:NXFMS_DB_POOL,5,main]) NXFMS_DB_POOL monitor pool [NXFMS_DB_POOL]
2015-08-03 17:01:48,035 [PoolMonitor Thread:DB_Default_System_Pool](3601272)[INFO] base.pool.imp.PoolMonitor - MonitorThread  (Thread[PoolMonitor Thread:DB_Default_System_Pool,5,main]) DB_Default_System_Pool monitor pool [DB_Default_System_Pool]
2015-08-03 17:02:47,805 [PoolMonitor Thread:DBAgentPool](3661042)[INFO] base.pool.imp.PoolMonitor - MonitorThread  (Thread[PoolMonitor Thread:DBAgentPool,5,main]) DBAgentPool monitor pool [DBAgentPool]
2015-08-03 17:02:48,042 [PoolMonitor Thread:NXFMS_DB_POOL](3661279)[INFO] base.pool.imp.PoolMonitor - MonitorThread  (Thread[PoolMonitor Thread:NXFMS_DB_POOL,5,main]) NXFMS_DB_POOL monitor pool [NXFMS_DB_POOL]
2015-08-03 17:02:48,042 [PoolMonitor Thread:DB_Default_System_Pool](3661279)[INFO] base.pool.imp.PoolMonitor - MonitorThread  (Thread[PoolMonitor Thread:DB_Default_System_Pool,5,main]) DB_Default_System_Pool monitor pool [DB_Default_System_Pool]
2015-08-03 17:03:47,805 [PoolMonitor Thread:DBAgentPool](3721042)[INFO] base.pool.imp.PoolMonitor - MonitorThread  (Thread[PoolMonitor Thread:DBAgentPool,5,main]) DBAgentPool monitor pool [DBAgentPool]
2015-08-03 17:03:48,047 [PoolMonitor Thread:DB_Default_System_Pool](3721284)[INFO] base.pool.imp.PoolMonitor - MonitorThread  (Thread[PoolMonitor Thread:DB_Default_System_Pool,5,main]) DB_Default_System_Pool monitor pool [DB_Default_System_Pool]
2015-08-03 17:03:48,048 [PoolMonitor Thread:NXFMS_DB_POOL](3721285)[INFO] base.pool.imp.PoolMonitor - MonitorThread  (Thread[PoolMonitor Thread:NXFMS_DB_POOL,5,main]) NXFMS_DB_POOL monitor pool [NXFMS_DB_POOL]
2015-08-03 17:04:47,806 [PoolMonitor Thread:DBAgentPool](3781043)[INFO] base.pool.imp.PoolMonitor - MonitorThread  (Thread[PoolMonitor Thread:DBAgentPool,5,main]) DBAgentPool monitor pool [DBAgentPool]
2015-08-03 17:04:48,053 [PoolMonitor Thread:DB_Default_System_Pool](3781290)[INFO] base.pool.imp.PoolMonitor - MonitorThread  (Thread[PoolMonitor Thread:DB_Default_System_Pool,5,main]) DB_Default_System_Pool monitor pool [DB_Default_System_Pool]
2015-08-03 17:04:48,054 [PoolMonitor Thread:NXFMS_DB_POOL](3781291)[INFO] base.pool.imp.PoolMonitor - MonitorThread  (Thread[PoolMonitor Thread:NXFMS_DB_POOL,5,main]) NXFMS_DB_POOL monitor pool [NXFMS_DB_POOL]
2015-08-03 17:05:47,806 [PoolMonitor Thread:DBAgentPool](3841043)[INFO] base.pool.imp.PoolMonitor - MonitorThread  (Thread[PoolMonitor Thread:DBAgentPool,5,main]) DBAgentPool monitor pool [DBAgentPool]
2015-08-03 17:05:48,058 [PoolMonitor Thread:NXFMS_DB_POOL](3841295)[INFO] base.pool.imp.PoolMonitor - MonitorThread  (Thread[PoolMonitor Thread:NXFMS_DB_POOL,5,main]) NXFMS_DB_POOL monitor pool [NXFMS_DB_POOL]
2015-08-03 17:05:48,058 [PoolMonitor Thread:DB_Default_System_Pool](3841295)[INFO] base.pool.imp.PoolMonitor - MonitorThread  (Thread[PoolMonitor Thread:DB_Default_System_Pool,5,main]) DB_Default_System_Pool monitor pool [DB_Default_System_Pool]
2015-08-03 17:06:47,806 [PoolMonitor Thread:DBAgentPool](3901043)[INFO] base.pool.imp.PoolMonitor - MonitorThread  (Thread[PoolMonitor Thread:DBAgentPool,5,main]) DBAgentPool monitor pool [DBAgentPool]
2015-08-03 17:06:48,063 [PoolMonitor Thread:NXFMS_DB_POOL](3901300)[INFO] base.pool.imp.PoolMonitor - MonitorThread  (Thread[PoolMonitor Thread:NXFMS_DB_POOL,5,main]) NXFMS_DB_POOL monitor pool [NXFMS_DB_POOL]
2015-08-03 17:06:48,064 [PoolMonitor Thread:DB_Default_System_Pool](3901301)[INFO] base.pool.imp.PoolMonitor - MonitorThread  (Thread[PoolMonitor Thread:DB_Default_System_Pool,5,main]) DB_Default_System_Pool monitor pool [DB_Default_System_Pool]
2015-08-03 17:07:47,807 [PoolMonitor Thread:DBAgentPool](3961044)[INFO] base.pool.imp.PoolMonitor - MonitorThread  (Thread[PoolMonitor Thread:DBAgentPool,5,main]) DBAgentPool monitor pool [DBAgentPool]
2015-08-03 17:07:48,071 [PoolMonitor Thread:NXFMS_DB_POOL](3961308)[INFO] base.pool.imp.PoolMonitor - MonitorThread  (Thread[PoolMonitor Thread:NXFMS_DB_POOL,5,main]) NXFMS_DB_POOL monitor pool [NXFMS_DB_POOL]
2015-08-03 17:07:48,072 [PoolMonitor Thread:DB_Default_System_Pool](3961309)[INFO] base.pool.imp.PoolMonitor - MonitorThread  (Thread[PoolMonitor Thread:DB_Default_System_Pool,5,main]) DB_Default_System_Pool monitor pool [DB_Default_System_Pool]
2015-08-03 17:08:47,807 [PoolMonitor Thread:DBAgentPool](4021044)[INFO] base.pool.imp.PoolMonitor - MonitorThread  (Thread[PoolMonitor Thread:DBAgentPool,5,main]) DBAgentPool monitor pool [DBAgentPool]
2015-08-03 17:08:48,076 [PoolMonitor Thread:DB_Default_System_Pool](4021313)[INFO] base.pool.imp.PoolMonitor - MonitorThread  (Thread[PoolMonitor Thread:DB_Default_System_Pool,5,main]) DB_Default_System_Pool monitor pool [DB_Default_System_Pool]
2015-08-03 17:08:48,076 [PoolMonitor Thread:NXFMS_DB_POOL](4021313)[INFO] base.pool.imp.PoolMonitor - MonitorThread  (Thread[PoolMonitor Thread:NXFMS_DB_POOL,5,main]) NXFMS_DB_POOL monitor pool [NXFMS_DB_POOL]
2015-08-03 17:09:47,808 [PoolMonitor Thread:DBAgentPool](4081045)[INFO] base.pool.imp.PoolMonitor - MonitorThread  (Thread[PoolMonitor Thread:DBAgentPool,5,main]) DBAgentPool monitor pool [DBAgentPool]
2015-08-03 17:09:48,082 [PoolMonitor Thread:DB_Default_System_Pool](4081319)[INFO] base.pool.imp.PoolMonitor - MonitorThread  (Thread[PoolMonitor Thread:DB_Default_System_Pool,5,main]) DB_Default_System_Pool monitor pool [DB_Default_System_Pool]
2015-08-03 17:09:48,083 [PoolMonitor Thread:NXFMS_DB_POOL](4081320)[INFO] base.pool.imp.PoolMonitor - MonitorThread  (Thread[PoolMonitor Thread:NXFMS_DB_POOL,5,main]) NXFMS_DB_POOL monitor pool [NXFMS_DB_POOL]
2015-08-03 17:10:47,808 [PoolMonitor Thread:DBAgentPool](4141045)[INFO] base.pool.imp.PoolMonitor - MonitorThread  (Thread[PoolMonitor Thread:DBAgentPool,5,main]) DBAgentPool monitor pool [DBAgentPool]
2015-08-03 17:10:48,087 [PoolMonitor Thread:DB_Default_System_Pool](4141324)[INFO] base.pool.imp.PoolMonitor - MonitorThread  (Thread[PoolMonitor Thread:DB_Default_System_Pool,5,main]) DB_Default_System_Pool monitor pool [DB_Default_System_Pool]
2015-08-03 17:10:48,088 [PoolMonitor Thread:NXFMS_DB_POOL](4141325)[INFO] base.pool.imp.PoolMonitor - MonitorThread  (Thread[PoolMonitor Thread:NXFMS_DB_POOL,5,main]) NXFMS_DB_POOL monitor pool [NXFMS_DB_POOL]
2015-08-03 17:11:47,809 [PoolMonitor Thread:DBAgentPool](4201046)[INFO] base.pool.imp.PoolMonitor - MonitorThread  (Thread[PoolMonitor Thread:DBAgentPool,5,main]) DBAgentPool monitor pool [DBAgentPool]
2015-08-03 17:11:48,094 [PoolMonitor Thread:NXFMS_DB_POOL](4201331)[INFO] base.pool.imp.PoolMonitor - MonitorThread  (Thread[PoolMonitor Thread:NXFMS_DB_POOL,5,main]) NXFMS_DB_POOL monitor pool [NXFMS_DB_POOL]
2015-08-03 17:11:48,094 [PoolMonitor Thread:DB_Default_System_Pool](4201331)[INFO] base.pool.imp.PoolMonitor - MonitorThread  (Thread[PoolMonitor Thread:DB_Default_System_Pool,5,main]) DB_Default_System_Pool monitor pool [DB_Default_System_Pool]
2015-08-03 17:12:47,809 [PoolMonitor Thread:DBAgentPool](4261046)[INFO] base.pool.imp.PoolMonitor - MonitorThread  (Thread[PoolMonitor Thread:DBAgentPool,5,main]) DBAgentPool monitor pool [DBAgentPool]
2015-08-03 17:12:48,105 [PoolMonitor Thread:DB_Default_System_Pool](4261342)[INFO] base.pool.imp.PoolMonitor - MonitorThread  (Thread[PoolMonitor Thread:DB_Default_System_Pool,5,main]) DB_Default_System_Pool monitor pool [DB_Default_System_Pool]
2015-08-03 17:12:48,106 [PoolMonitor Thread:NXFMS_DB_POOL](4261343)[INFO] base.pool.imp.PoolMonitor - MonitorThread  (Thread[PoolMonitor Thread:NXFMS_DB_POOL,5,main]) NXFMS_DB_POOL monitor pool [NXFMS_DB_POOL]
2015-08-03 17:13:47,809 [PoolMonitor Thread:DBAgentPool](4321046)[INFO] base.pool.imp.PoolMonitor - MonitorThread  (Thread[PoolMonitor Thread:DBAgentPool,5,main]) DBAgentPool monitor pool [DBAgentPool]
2015-08-03 17:13:48,112 [PoolMonitor Thread:NXFMS_DB_POOL](4321349)[INFO] base.pool.imp.PoolMonitor - MonitorThread  (Thread[PoolMonitor Thread:NXFMS_DB_POOL,5,main]) NXFMS_DB_POOL monitor pool [NXFMS_DB_POOL]
2015-08-03 17:13:48,112 [PoolMonitor Thread:DB_Default_System_Pool](4321349)[INFO] base.pool.imp.PoolMonitor - MonitorThread  (Thread[PoolMonitor Thread:DB_Default_System_Pool,5,main]) DB_Default_System_Pool monitor pool [DB_Default_System_Pool]
2015-08-03 17:14:47,810 [PoolMonitor Thread:DBAgentPool](4381047)[INFO] base.pool.imp.PoolMonitor - MonitorThread  (Thread[PoolMonitor Thread:DBAgentPool,5,main]) DBAgentPool monitor pool [DBAgentPool]
2015-08-03 17:14:48,117 [PoolMonitor Thread:NXFMS_DB_POOL](4381354)[INFO] base.pool.imp.PoolMonitor - MonitorThread  (Thread[PoolMonitor Thread:NXFMS_DB_POOL,5,main]) NXFMS_DB_POOL monitor pool [NXFMS_DB_POOL]
2015-08-03 17:14:48,138 [PoolMonitor Thread:DB_Default_System_Pool](4381375)[INFO] base.pool.imp.PoolMonitor - MonitorThread  (Thread[PoolMonitor Thread:DB_Default_System_Pool,5,main]) DB_Default_System_Pool monitor pool [DB_Default_System_Pool]
2015-08-03 17:15:47,810 [PoolMonitor Thread:DBAgentPool](4441047)[INFO] base.pool.imp.PoolMonitor - MonitorThread  (Thread[PoolMonitor Thread:DBAgentPool,5,main]) DBAgentPool monitor pool [DBAgentPool]
2015-08-03 17:15:48,122 [PoolMonitor Thread:NXFMS_DB_POOL](4441359)[INFO] base.pool.imp.PoolMonitor - MonitorThread  (Thread[PoolMonitor Thread:NXFMS_DB_POOL,5,main]) NXFMS_DB_POOL monitor pool [NXFMS_DB_POOL]
2015-08-03 17:15:48,142 [PoolMonitor Thread:DB_Default_System_Pool](4441379)[INFO] base.pool.imp.PoolMonitor - MonitorThread  (Thread[PoolMonitor Thread:DB_Default_System_Pool,5,main]) DB_Default_System_Pool monitor pool [DB_Default_System_Pool]
2015-08-03 17:16:47,811 [PoolMonitor Thread:DBAgentPool](4501048)[INFO] base.pool.imp.PoolMonitor - MonitorThread  (Thread[PoolMonitor Thread:DBAgentPool,5,main]) DBAgentPool monitor pool [DBAgentPool]
2015-08-03 17:16:48,127 [PoolMonitor Thread:NXFMS_DB_POOL](4501364)[INFO] base.pool.imp.PoolMonitor - MonitorThread  (Thread[PoolMonitor Thread:NXFMS_DB_POOL,5,main]) NXFMS_DB_POOL monitor pool [NXFMS_DB_POOL]
2015-08-03 17:16:48,147 [PoolMonitor Thread:DB_Default_System_Pool](4501384)[INFO] base.pool.imp.PoolMonitor - MonitorThread  (Thread[PoolMonitor Thread:DB_Default_System_Pool,5,main]) DB_Default_System_Pool monitor pool [DB_Default_System_Pool]
2015-08-03 17:17:47,811 [PoolMonitor Thread:DBAgentPool](4561048)[INFO] base.pool.imp.PoolMonitor - MonitorThread  (Thread[PoolMonitor Thread:DBAgentPool,5,main]) DBAgentPool monitor pool [DBAgentPool]
2015-08-03 17:17:48,131 [PoolMonitor Thread:NXFMS_DB_POOL](4561368)[INFO] base.pool.imp.PoolMonitor - MonitorThread  (Thread[PoolMonitor Thread:NXFMS_DB_POOL,5,main]) NXFMS_DB_POOL monitor pool [NXFMS_DB_POOL]
2015-08-03 17:17:48,151 [PoolMonitor Thread:DB_Default_System_Pool](4561388)[INFO] base.pool.imp.PoolMonitor - MonitorThread  (Thread[PoolMonitor Thread:DB_Default_System_Pool,5,main]) DB_Default_System_Pool monitor pool [DB_Default_System_Pool]
2015-08-03 17:18:47,812 [PoolMonitor Thread:DBAgentPool](4621049)[INFO] base.pool.imp.PoolMonitor - MonitorThread  (Thread[PoolMonitor Thread:DBAgentPool,5,main]) DBAgentPool monitor pool [DBAgentPool]
2015-08-03 17:18:48,137 [PoolMonitor Thread:NXFMS_DB_POOL](4621374)[INFO] base.pool.imp.PoolMonitor - MonitorThread  (Thread[PoolMonitor Thread:NXFMS_DB_POOL,5,main]) NXFMS_DB_POOL monitor pool [NXFMS_DB_POOL]
2015-08-03 17:18:48,156 [PoolMonitor Thread:DB_Default_System_Pool](4621393)[INFO] base.pool.imp.PoolMonitor - MonitorThread  (Thread[PoolMonitor Thread:DB_Default_System_Pool,5,main]) DB_Default_System_Pool monitor pool [DB_Default_System_Pool]
2015-08-03 17:19:47,812 [PoolMonitor Thread:DBAgentPool](4681049)[INFO] base.pool.imp.PoolMonitor - MonitorThread  (Thread[PoolMonitor Thread:DBAgentPool,5,main]) DBAgentPool monitor pool [DBAgentPool]
2015-08-03 17:19:48,141 [PoolMonitor Thread:NXFMS_DB_POOL](4681378)[INFO] base.pool.imp.PoolMonitor - MonitorThread  (Thread[PoolMonitor Thread:NXFMS_DB_POOL,5,main]) NXFMS_DB_POOL monitor pool [NXFMS_DB_POOL]
2015-08-03 17:19:48,194 [PoolMonitor Thread:DB_Default_System_Pool](4681431)[INFO] base.pool.imp.PoolMonitor - MonitorThread  (Thread[PoolMonitor Thread:DB_Default_System_Pool,5,main]) DB_Default_System_Pool monitor pool [DB_Default_System_Pool]
2015-08-03 17:20:47,813 [PoolMonitor Thread:DBAgentPool](4741050)[INFO] base.pool.imp.PoolMonitor - MonitorThread  (Thread[PoolMonitor Thread:DBAgentPool,5,main]) DBAgentPool monitor pool [DBAgentPool]
2015-08-03 17:20:48,150 [PoolMonitor Thread:NXFMS_DB_POOL](4741387)[INFO] base.pool.imp.PoolMonitor - MonitorThread  (Thread[PoolMonitor Thread:NXFMS_DB_POOL,5,main]) NXFMS_DB_POOL monitor pool [NXFMS_DB_POOL]
2015-08-03 17:20:48,202 [PoolMonitor Thread:DB_Default_System_Pool](4741439)[INFO] base.pool.imp.PoolMonitor - MonitorThread  (Thread[PoolMonitor Thread:DB_Default_System_Pool,5,main]) DB_Default_System_Pool monitor pool [DB_Default_System_Pool]
2015-08-03 17:21:47,813 [PoolMonitor Thread:DBAgentPool](4801050)[INFO] base.pool.imp.PoolMonitor - MonitorThread  (Thread[PoolMonitor Thread:DBAgentPool,5,main]) DBAgentPool monitor pool [DBAgentPool]
2015-08-03 17:21:48,155 [PoolMonitor Thread:NXFMS_DB_POOL](4801392)[INFO] base.pool.imp.PoolMonitor - MonitorThread  (Thread[PoolMonitor Thread:NXFMS_DB_POOL,5,main]) NXFMS_DB_POOL monitor pool [NXFMS_DB_POOL]
2015-08-03 17:21:48,206 [PoolMonitor Thread:DB_Default_System_Pool](4801443)[INFO] base.pool.imp.PoolMonitor - MonitorThread  (Thread[PoolMonitor Thread:DB_Default_System_Pool,5,main]) DB_Default_System_Pool monitor pool [DB_Default_System_Pool]
